2024-10-16 16:17:44.696 [info] Reading sessions from keychain...
2024-10-16 16:17:44.696 [info] Getting sessions for all scopes...
2024-10-16 16:17:44.696 [info] Getting sessions for all scopes...
2024-10-16 16:17:44.696 [info] Got 0 sessions for ...
2024-10-16 16:17:44.696 [info] Got 0 sessions for ...
2024-10-16 16:17:44.696 [info] Getting sessions for read:user,repo,user:email,workflow...
2024-10-16 16:17:44.696 [info] Got 0 sessions for read:user,repo,user:email,workflow...
2024-10-16 16:17:46.210 [info] Getting sessions for all scopes...
2024-10-16 16:17:46.210 [info] Got 0 sessions for ...
2024-10-16 17:12:30.643 [info] Getting sessions for read:user,repo,user:email,workflow...
2024-10-16 17:12:30.643 [info] Got 0 sessions for read:user,repo,user:email,workflow...
2024-10-16 17:12:35.338 [info] Logging in with 'any' account...
2024-10-16 17:12:35.338 [info] Logging in for the following scopes: read:user repo user:email workflow
2024-10-16 17:12:35.351 [info] Trying device code flow... (read:user repo user:email workflow)
2024-10-16 17:13:10.321 [info] Getting user info...
2024-10-16 17:13:10.676 [info] Got account info!
2024-10-16 17:13:10.676 [info] Storing 1 sessions...
2024-10-16 17:13:20.202 [info] Reading sessions from keychain...
2024-10-16 17:13:20.202 [info] Stored 1 sessions!
2024-10-16 17:13:20.202 [info] Login success!
2024-10-16 17:13:20.238 [info] Got stored sessions!
2024-10-16 17:13:20.238 [info] Got 1 verified sessions.
2024-10-16 17:13:20.534 [info] Getting sessions for read:user,repo,user:email,workflow...
2024-10-16 17:13:20.534 [info] Got 1 sessions for read:user,repo,user:email,workflow...
2024-10-16 17:13:20.555 [info] Getting sessions for read:user,repo,user:email,workflow...
2024-10-16 17:13:20.555 [info] Got 1 sessions for read:user,repo,user:email,workflow...
2024-10-16 17:13:51.031 [info] Getting sessions for read:user,repo,user:email,workflow...
2024-10-16 17:13:51.031 [info] Got 1 sessions for read:user,repo,user:email,workflow...
2024-10-16 17:13:55.601 [info] Getting sessions for read:user,repo,user:email,workflow...
2024-10-16 17:13:55.601 [info] Got 1 sessions for read:user,repo,user:email,workflow...
2024-10-16 17:14:30.717 [info] Getting sessions for read:user,repo,user:email,workflow...
2024-10-16 17:14:30.718 [info] Got 1 sessions for read:user,repo,user:email,workflow...
2024-10-16 17:30:00.105 [info] Getting sessions for read:user,repo,user:email,workflow...
2024-10-16 17:30:00.105 [info] Got 1 sessions for read:user,repo,user:email,workflow...
2024-10-16 17:34:14.426 [info] Getting sessions for read:user,repo,user:email,workflow...
2024-10-16 17:34:14.426 [info] Got 1 sessions for read:user,repo,user:email,workflow...
