2024-10-16 16:03:16.878 [info] Added views:outline in workbench.view.explorer
2024-10-16 16:03:16.878 [info] Added views:workbench.view.search in workbench.view.search
2024-10-16 16:03:16.878 [info] Added views:workbench.scm in workbench.view.scm
2024-10-16 16:03:16.878 [info] Added views:workbench.panel.markers.view in workbench.panel.markers
2024-10-16 16:03:16.878 [info] Added views:workbench.panel.output in workbench.panel.output
2024-10-16 16:03:16.878 [info] Added views:terminal in terminal
2024-10-16 16:03:16.878 [info] Added views:timeline in workbench.view.explorer
2024-10-16 16:03:16.878 [info] Added views:workbench.explorer.emptyView in workbench.view.explorer
2024-10-16 16:03:17.002 [info] Added views:workbench.debug.welcome in workbench.view.debug
2024-10-16 16:03:17.210 [info] Added views:~remote.forwardedPorts in ~remote.forwardedPortsContainer
2024-10-16 16:03:17.355 [info] Added views:workbench.panel.repl.view in workbench.panel.repl
2024-10-16 16:03:28.700 [info] Added views:outline in workbench.view.explorer
2024-10-16 16:03:28.700 [info] Added views:workbench.view.search in workbench.view.search
2024-10-16 16:03:28.700 [info] Added views:workbench.scm in workbench.view.scm
2024-10-16 16:03:28.700 [info] Added views:workbench.panel.markers.view in workbench.panel.markers
2024-10-16 16:03:28.700 [info] Added views:workbench.panel.output in workbench.panel.output
2024-10-16 16:03:28.700 [info] Added views:terminal in terminal
2024-10-16 16:03:28.700 [info] Added views:timeline in workbench.view.explorer
2024-10-16 16:03:28.700 [info] Added views:workbench.explorer.fileView in workbench.view.explorer
2024-10-16 16:03:28.994 [info] Added views:workbench.debug.variablesView,workbench.debug.watchExpressionsView,workbench.debug.callStackView,workbench.debug.breakPointsView in workbench.view.debug
2024-10-16 16:03:29.017 [info] Added views:~remote.forwardedPorts in ~remote.forwardedPortsContainer
2024-10-16 16:03:29.161 [info] Added views:workbench.panel.repl.view in workbench.panel.repl
2024-10-16 16:03:29.162 [info] Removed views:workbench.debug.breakPointsView,workbench.debug.callStackView,workbench.debug.watchExpressionsView,workbench.debug.variablesView from workbench.view.debug
2024-10-16 16:03:29.162 [info] Added views:workbench.debug.welcome in workbench.view.debug
2024-10-16 16:03:29.330 [info] Added views:workbench.scm.history in workbench.view.scm
2024-10-16 16:06:51.520 [info] Added views:workbench.views.extensions.installed,workbench.views.extensions.popular,extensions.recommendedList in workbench.view.extensions
2024-10-16 16:06:51.522 [info] Removed views:workbench.views.extensions.popular from workbench.view.extensions
2024-10-16 16:06:52.072 [info] Removed views:extensions.recommendedList,workbench.views.extensions.installed from workbench.view.extensions
2024-10-16 16:06:52.077 [info] Added views:workbench.views.extensions.marketplace in workbench.view.extensions
2024-10-16 16:07:21.821 [info] Removed views:workbench.scm.history from workbench.view.scm
2024-10-16 16:07:22.155 [info] Added views:outline in workbench.view.explorer
2024-10-16 16:07:22.155 [info] Added views:workbench.view.search in workbench.view.search
2024-10-16 16:07:22.155 [info] Added views:workbench.scm in workbench.view.scm
2024-10-16 16:07:22.155 [info] Added views:workbench.panel.markers.view in workbench.panel.markers
2024-10-16 16:07:22.155 [info] Added views:workbench.panel.output in workbench.panel.output
2024-10-16 16:07:22.155 [info] Added views:terminal in terminal
2024-10-16 16:07:22.155 [info] Added views:timeline in workbench.view.explorer
2024-10-16 16:07:22.155 [info] Added views:workbench.explorer.fileView in workbench.view.explorer
2024-10-16 16:07:22.340 [info] Added views:workbench.debug.variablesView,workbench.debug.watchExpressionsView,workbench.debug.callStackView,workbench.debug.breakPointsView in workbench.view.debug
2024-10-16 16:07:22.406 [info] Added views:~remote.forwardedPorts in ~remote.forwardedPortsContainer
2024-10-16 16:07:22.605 [info] Added views:workbench.panel.repl.view in workbench.panel.repl
2024-10-16 16:07:22.606 [info] Removed views:workbench.debug.breakPointsView,workbench.debug.callStackView,workbench.debug.watchExpressionsView,workbench.debug.variablesView from workbench.view.debug
2024-10-16 16:07:22.606 [info] Added views:workbench.debug.welcome in workbench.view.debug
2024-10-16 16:11:46.058 [info] Added views:outline in workbench.view.explorer
2024-10-16 16:11:46.058 [info] Added views:workbench.view.search in workbench.view.search
2024-10-16 16:11:46.058 [info] Added views:workbench.scm in workbench.view.scm
2024-10-16 16:11:46.058 [info] Added views:workbench.panel.markers.view in workbench.panel.markers
2024-10-16 16:11:46.058 [info] Added views:workbench.panel.output in workbench.panel.output
2024-10-16 16:11:46.058 [info] Added views:terminal in terminal
2024-10-16 16:11:46.058 [info] Added views:timeline in workbench.view.explorer
2024-10-16 16:11:46.058 [info] Added views:workbench.explorer.fileView in workbench.view.explorer
2024-10-16 16:11:46.365 [info] Added views:workbench.debug.variablesView,workbench.debug.watchExpressionsView,workbench.debug.callStackView,workbench.debug.breakPointsView in workbench.view.debug
2024-10-16 16:11:46.366 [info] Added views:~remote.forwardedPorts in ~remote.forwardedPortsContainer
2024-10-16 16:11:46.458 [info] Added views:workbench.panel.repl.view in workbench.panel.repl
2024-10-16 16:11:46.459 [info] Removed views:workbench.debug.breakPointsView,workbench.debug.callStackView,workbench.debug.watchExpressionsView,workbench.debug.variablesView from workbench.view.debug
2024-10-16 16:11:46.459 [info] Added views:workbench.debug.welcome in workbench.view.debug
2024-10-16 16:11:46.697 [info] Added views:workbench.scm.history in workbench.view.scm
2024-10-16 16:12:42.343 [info] Removed views:workbench.scm.history from workbench.view.scm
