2024-10-16 16:17:44.516 [info] [main] Log level: Info
2024-10-16 16:17:44.516 [info] [main] Validating found git in: "git"
2024-10-16 16:17:44.516 [info] [main] Using git "2.47.0" from "git"
2024-10-16 16:17:44.516 [info] [Model][doInitialScan] Initial repository scan started
2024-10-16 16:17:44.516 [info] > git rev-parse --show-toplevel [4ms]
2024-10-16 16:17:44.516 [info] > git rev-parse --git-dir --git-common-dir [13ms]
2024-10-16 16:17:44.516 [info] [Model][openRepository] Opened repository: /home/quiet/Workspace/Personal/notquitethereyet.github.io
2024-10-16 16:17:44.529 [info] > git rev-parse --show-toplevel [2ms]
2024-10-16 16:17:44.530 [info] > git config --get commit.template [8ms]
2024-10-16 16:17:44.557 [info] > git rev-parse --show-toplevel [18ms]
2024-10-16 16:17:44.573 [info] > git for-each-ref --format=%(refname)%00%(upstream:short)%00%(objectname)%00%(upstream:track)%00%(upstream:remotename)%00%(upstream:remoteref) refs/heads/main refs/remotes/main [18ms]
2024-10-16 16:17:44.578 [warning] [Git][revParse] Unable to read file: ENOENT: no such file or directory, open '/home/quiet/Workspace/Personal/notquitethereyet.github.io/.git/refs/remotes/origin/main'
2024-10-16 16:17:44.579 [info] > git rev-parse --show-toplevel [7ms]
2024-10-16 16:17:44.583 [info] > git rev-parse refs/remotes/origin/main [5ms]
2024-10-16 16:17:44.595 [info] > git status -z -uall [6ms]
2024-10-16 16:17:44.595 [info] > git rev-parse --show-toplevel [12ms]
2024-10-16 16:17:44.595 [info] [Model][doInitialScan] Initial repository scan completed - repositories (1), closed repositories (0), parent repositories (0), unsafe repositories (0)
2024-10-16 16:17:44.596 [info] > git for-each-ref --sort -committerdate --format %(refname) %(objectname) %(*objectname) [2ms]
2024-10-16 16:17:44.612 [info] > git for-each-ref --format=%(refname)%00%(upstream:short)%00%(objectname)%00%(upstream:track)%00%(upstream:remotename)%00%(upstream:remoteref) refs/heads/main refs/remotes/main [8ms]
2024-10-16 16:17:44.620 [info] > git config --local branch.main.vscode-merge-base [3ms]
2024-10-16 16:17:44.624 [info] > git config --get commit.template [13ms]
2024-10-16 16:17:44.652 [info] > git for-each-ref --format=%(refname)%00%(upstream:short)%00%(objectname)%00%(upstream:track)%00%(upstream:remotename)%00%(upstream:remoteref) refs/heads/origin/main refs/remotes/origin/main [28ms]
2024-10-16 16:17:44.667 [info] > git merge-base refs/heads/main refs/remotes/origin/main [10ms]
2024-10-16 16:17:44.671 [info] > git for-each-ref --format=%(refname)%00%(upstream:short)%00%(objectname)%00%(upstream:track)%00%(upstream:remotename)%00%(upstream:remoteref) refs/heads/main refs/remotes/main [19ms]
2024-10-16 16:17:44.675 [warning] [Git][revParse] Unable to read file: ENOENT: no such file or directory, open '/home/quiet/Workspace/Personal/notquitethereyet.github.io/.git/refs/remotes/origin/main'
2024-10-16 16:17:44.676 [info] > git diff --name-status -z --diff-filter=ADMR 044995dc46ecc3afae21f96f2d22f45077c0d8c6...refs/remotes/origin/main [5ms]
2024-10-16 16:17:44.680 [info] > git rev-parse refs/remotes/origin/main [5ms]
2024-10-16 16:17:44.689 [info] > git status -z -uall [5ms]
2024-10-16 16:17:44.691 [info] > git for-each-ref --sort -committerdate --format %(refname) %(objectname) %(*objectname) [3ms]
2024-10-16 16:17:46.331 [info] > git config --get commit.template [2ms]
2024-10-16 16:17:46.339 [info] > git for-each-ref --format=%(refname)%00%(upstream:short)%00%(objectname)%00%(upstream:track)%00%(upstream:remotename)%00%(upstream:remoteref) refs/heads/main refs/remotes/main [2ms]
2024-10-16 16:17:46.343 [warning] [Git][revParse] Unable to read file: ENOENT: no such file or directory, open '/home/quiet/Workspace/Personal/notquitethereyet.github.io/.git/refs/remotes/origin/main'
2024-10-16 16:17:46.344 [info] > git rev-parse refs/remotes/origin/main [1ms]
2024-10-16 16:17:46.354 [info] > git status -z -uall [6ms]
2024-10-16 16:17:46.356 [info] > git for-each-ref --sort -committerdate --format %(refname) %(objectname) %(*objectname) [2ms]
2024-10-16 16:17:46.877 [info] > git check-ignore -v -z --stdin [2ms]
2024-10-16 16:18:07.953 [info] > git check-ignore -v -z --stdin [0ms]
2024-10-16 16:18:12.663 [info] > git check-ignore -v -z --stdin [0ms]
2024-10-16 16:18:13.521 [info] > git check-ignore -v -z --stdin [1ms]
2024-10-16 16:18:26.134 [info] > git check-ignore -v -z --stdin [1ms]
2024-10-16 16:18:26.704 [info] > git check-ignore -v -z --stdin [1ms]
2024-10-16 16:18:27.195 [info] > git show --textconv :src/components/Footer.astro [6ms]
2024-10-16 16:18:27.196 [info] > git ls-files --stage -- /home/quiet/Workspace/Personal/notquitethereyet.github.io/src/components/Footer.astro [2ms]
2024-10-16 16:18:27.203 [info] > git cat-file -s ffebb086ce1d670606edc676c7bebcb50802095d [2ms]
2024-10-16 16:18:30.714 [info] > git show --textconv :src/components/Head.astro [5ms]
2024-10-16 16:18:30.714 [info] > git ls-files --stage -- /home/quiet/Workspace/Personal/notquitethereyet.github.io/src/components/Head.astro [1ms]
2024-10-16 16:18:30.720 [info] > git cat-file -s 68f54ab18bf2d5ffde940938b9c5fd2b8ccf65b7 [2ms]
2024-10-16 16:18:37.589 [info] > git show --textconv :src/components/HeaderLinks.astro [7ms]
2024-10-16 16:18:37.590 [info] > git ls-files --stage -- /home/quiet/Workspace/Personal/notquitethereyet.github.io/src/components/HeaderLinks.astro [1ms]
2024-10-16 16:18:37.597 [info] > git cat-file -s 4cbaa7dcb30091c427b63203b7364fb51c0f5b12 [2ms]
2024-10-16 16:18:43.497 [info] > git show --textconv :src/components/Link.astro [6ms]
2024-10-16 16:18:43.497 [info] > git ls-files --stage -- /home/quiet/Workspace/Personal/notquitethereyet.github.io/src/components/Link.astro [1ms]
2024-10-16 16:18:43.502 [info] > git cat-file -s 8f8964167ea0737671c92e7572d9672284da7c44 [1ms]
2024-10-16 16:19:09.371 [info] > git check-ignore -v -z --stdin [1ms]
2024-10-16 16:19:09.808 [info] > git show --textconv :src/layouts/Page.astro [5ms]
2024-10-16 16:19:09.808 [info] > git ls-files --stage -- /home/quiet/Workspace/Personal/notquitethereyet.github.io/src/layouts/Page.astro [1ms]
2024-10-16 16:19:09.814 [info] > git cat-file -s 8f54c00e4b48927d2f247ba6eb1cb090b8ee201f [1ms]
2024-10-16 16:19:12.189 [info] > git check-ignore -v -z --stdin [1ms]
2024-10-16 16:19:12.600 [info] > git show --textconv :src/pages/404.astro [6ms]
2024-10-16 16:19:12.600 [info] > git ls-files --stage -- /home/quiet/Workspace/Personal/notquitethereyet.github.io/src/pages/404.astro [1ms]
2024-10-16 16:19:12.605 [info] > git cat-file -s 1161d244357e94971a9f55ae1ab782d551b6c985 [1ms]
2024-10-16 16:19:13.313 [info] > git show --textconv :src/pages/index.astro [4ms]
2024-10-16 16:19:13.314 [info] > git ls-files --stage -- /home/quiet/Workspace/Personal/notquitethereyet.github.io/src/pages/index.astro [1ms]
2024-10-16 16:19:13.319 [info] > git cat-file -s 47769641a2973ce5c027affb6755c1bab7532a64 [1ms]
2024-10-16 16:19:44.610 [info] > git check-ignore -v -z --stdin [2ms]
2024-10-16 16:19:45.567 [info] > git check-ignore -v -z --stdin [1ms]
2024-10-16 16:19:48.988 [info] > git show --textconv :src/utils/headerlinks.ts [5ms]
2024-10-16 16:19:48.989 [info] > git ls-files --stage -- /home/quiet/Workspace/Personal/notquitethereyet.github.io/src/utils/headerlinks.ts [1ms]
2024-10-16 16:19:48.993 [info] > git cat-file -s 76dcba73fd394180fae568ca3ee1acc146604bc0 [1ms]
2024-10-16 16:19:50.031 [info] > git show --textconv :src/utils/projects.ts [6ms]
2024-10-16 16:19:50.032 [info] > git ls-files --stage -- /home/quiet/Workspace/Personal/notquitethereyet.github.io/src/utils/projects.ts [1ms]
2024-10-16 16:19:50.038 [info] > git cat-file -s cfd0e80a4ed2ccf7ac7e11c4523a2723c7a303dd [1ms]
2024-10-16 16:19:52.701 [info] > git show --textconv :src/components/Webring.astro [4ms]
2024-10-16 16:19:52.702 [info] > git ls-files --stage -- /home/quiet/Workspace/Personal/notquitethereyet.github.io/src/components/Webring.astro [1ms]
2024-10-16 16:19:52.708 [info] > git cat-file -s ea7a9218c7728ff07e5c9a5ea5bea9000e193130 [2ms]
2024-10-16 16:19:54.331 [info] > git show --textconv :src/components/Projects.astro [5ms]
2024-10-16 16:19:54.332 [info] > git ls-files --stage -- /home/quiet/Workspace/Personal/notquitethereyet.github.io/src/components/Projects.astro [1ms]
2024-10-16 16:19:54.337 [info] > git cat-file -s e2166d86cb4e2ebdfe1df381590e79057573645f [2ms]
2024-10-16 16:19:56.278 [info] > git show --textconv :src/components/HeaderLinks.astro [5ms]
2024-10-16 16:19:56.278 [info] > git ls-files --stage -- /home/quiet/Workspace/Personal/notquitethereyet.github.io/src/components/HeaderLinks.astro [1ms]
2024-10-16 16:19:56.284 [info] > git cat-file -s 4cbaa7dcb30091c427b63203b7364fb51c0f5b12 [2ms]
2024-10-16 16:19:59.298 [info] > git show --textconv :src/components/Head.astro [4ms]
2024-10-16 16:19:59.299 [info] > git ls-files --stage -- /home/quiet/Workspace/Personal/notquitethereyet.github.io/src/components/Head.astro [1ms]
2024-10-16 16:19:59.304 [info] > git cat-file -s 68f54ab18bf2d5ffde940938b9c5fd2b8ccf65b7 [2ms]
2024-10-16 16:20:19.644 [info] > git show --textconv :src/components/Head.astro [6ms]
2024-10-16 16:20:19.645 [info] > git ls-files --stage -- /home/quiet/Workspace/Personal/notquitethereyet.github.io/src/components/Head.astro [1ms]
2024-10-16 16:20:19.649 [info] > git cat-file -s 68f54ab18bf2d5ffde940938b9c5fd2b8ccf65b7 [1ms]
2024-10-16 16:20:42.315 [info] > git config --get commit.template [5ms]
2024-10-16 16:20:42.316 [info] > git for-each-ref --format=%(refname)%00%(upstream:short)%00%(objectname)%00%(upstream:track)%00%(upstream:remotename)%00%(upstream:remoteref) refs/heads/main refs/remotes/main [2ms]
2024-10-16 16:20:42.322 [warning] [Git][revParse] Unable to read file: ENOENT: no such file or directory, open '/home/quiet/Workspace/Personal/notquitethereyet.github.io/.git/refs/remotes/origin/main'
2024-10-16 16:20:42.323 [info] > git rev-parse refs/remotes/origin/main [1ms]
2024-10-16 16:20:42.332 [info] > git status -z -uall [5ms]
2024-10-16 16:20:42.332 [info] > git for-each-ref --sort -committerdate --format %(refname) %(objectname) %(*objectname) [1ms]
2024-10-16 16:20:58.481 [info] > git config --get commit.template [5ms]
2024-10-16 16:20:58.482 [info] > git for-each-ref --format=%(refname)%00%(upstream:short)%00%(objectname)%00%(upstream:track)%00%(upstream:remotename)%00%(upstream:remoteref) refs/heads/main refs/remotes/main [1ms]
2024-10-16 16:20:58.486 [warning] [Git][revParse] Unable to read file: ENOENT: no such file or directory, open '/home/quiet/Workspace/Personal/notquitethereyet.github.io/.git/refs/remotes/origin/main'
2024-10-16 16:20:58.487 [info] > git rev-parse refs/remotes/origin/main [1ms]
2024-10-16 16:20:58.495 [info] > git status -z -uall [5ms]
2024-10-16 16:20:58.496 [info] > git for-each-ref --sort -committerdate --format %(refname) %(objectname) %(*objectname) [2ms]
2024-10-16 16:21:06.048 [info] > git show --textconv :src/components/HeaderLinks.astro [5ms]
2024-10-16 16:21:06.048 [info] > git ls-files --stage -- /home/quiet/Workspace/Personal/notquitethereyet.github.io/src/components/HeaderLinks.astro [1ms]
2024-10-16 16:21:06.053 [info] > git cat-file -s 4cbaa7dcb30091c427b63203b7364fb51c0f5b12 [1ms]
2024-10-16 16:21:16.719 [info] > git show --textconv :src/components/Webring.astro [6ms]
2024-10-16 16:21:16.720 [info] > git ls-files --stage -- /home/quiet/Workspace/Personal/notquitethereyet.github.io/src/components/Webring.astro [2ms]
2024-10-16 16:21:16.726 [info] > git cat-file -s ea7a9218c7728ff07e5c9a5ea5bea9000e193130 [1ms]
2024-10-16 16:21:26.275 [info] > git show --textconv :src/utils/headerlinks.ts [5ms]
2024-10-16 16:21:26.275 [info] > git ls-files --stage -- /home/quiet/Workspace/Personal/notquitethereyet.github.io/src/utils/headerlinks.ts [1ms]
2024-10-16 16:21:26.280 [info] > git cat-file -s 76dcba73fd394180fae568ca3ee1acc146604bc0 [1ms]
2024-10-16 16:21:43.474 [info] > git config --get commit.template [6ms]
2024-10-16 16:21:43.475 [info] > git for-each-ref --format=%(refname)%00%(upstream:short)%00%(objectname)%00%(upstream:track)%00%(upstream:remotename)%00%(upstream:remoteref) refs/heads/main refs/remotes/main [2ms]
2024-10-16 16:21:43.479 [warning] [Git][revParse] Unable to read file: ENOENT: no such file or directory, open '/home/quiet/Workspace/Personal/notquitethereyet.github.io/.git/refs/remotes/origin/main'
2024-10-16 16:21:43.480 [info] > git rev-parse refs/remotes/origin/main [1ms]
2024-10-16 16:21:43.488 [info] > git status -z -uall [4ms]
2024-10-16 16:21:43.489 [info] > git for-each-ref --sort -committerdate --format %(refname) %(objectname) %(*objectname) [1ms]
2024-10-16 16:22:24.134 [info] > git config --get commit.template [4ms]
2024-10-16 16:22:24.135 [info] > git for-each-ref --format=%(refname)%00%(upstream:short)%00%(objectname)%00%(upstream:track)%00%(upstream:remotename)%00%(upstream:remoteref) refs/heads/main refs/remotes/main [1ms]
2024-10-16 16:22:24.139 [warning] [Git][revParse] Unable to read file: ENOENT: no such file or directory, open '/home/quiet/Workspace/Personal/notquitethereyet.github.io/.git/refs/remotes/origin/main'
2024-10-16 16:22:24.140 [info] > git rev-parse refs/remotes/origin/main [1ms]
2024-10-16 16:22:24.149 [info] > git status -z -uall [5ms]
2024-10-16 16:22:24.150 [info] > git for-each-ref --sort -committerdate --format %(refname) %(objectname) %(*objectname) [1ms]
2024-10-16 16:22:41.417 [info] > git config --get commit.template [1ms]
2024-10-16 16:22:41.422 [info] > git for-each-ref --format=%(refname)%00%(upstream:short)%00%(objectname)%00%(upstream:track)%00%(upstream:remotename)%00%(upstream:remoteref) refs/heads/main refs/remotes/main [2ms]
2024-10-16 16:22:41.426 [warning] [Git][revParse] Unable to read file: ENOENT: no such file or directory, open '/home/quiet/Workspace/Personal/notquitethereyet.github.io/.git/refs/remotes/origin/main'
2024-10-16 16:22:41.427 [info] > git rev-parse refs/remotes/origin/main [1ms]
2024-10-16 16:22:41.437 [info] > git status -z -uall [5ms]
2024-10-16 16:22:41.438 [info] > git for-each-ref --sort -committerdate --format %(refname) %(objectname) %(*objectname) [1ms]
2024-10-16 16:23:03.172 [info] > git config --get commit.template [1ms]
2024-10-16 16:23:03.180 [info] > git for-each-ref --format=%(refname)%00%(upstream:short)%00%(objectname)%00%(upstream:track)%00%(upstream:remotename)%00%(upstream:remoteref) refs/heads/main refs/remotes/main [2ms]
2024-10-16 16:23:03.186 [warning] [Git][revParse] Unable to read file: ENOENT: no such file or directory, open '/home/quiet/Workspace/Personal/notquitethereyet.github.io/.git/refs/remotes/origin/main'
2024-10-16 16:23:03.187 [info] > git rev-parse refs/remotes/origin/main [1ms]
2024-10-16 16:23:03.198 [info] > git status -z -uall [6ms]
2024-10-16 16:23:03.199 [info] > git for-each-ref --sort -committerdate --format %(refname) %(objectname) %(*objectname) [2ms]
2024-10-16 16:23:09.098 [info] > git show --textconv :src/utils/projects.ts [5ms]
2024-10-16 16:23:09.099 [info] > git ls-files --stage -- /home/quiet/Workspace/Personal/notquitethereyet.github.io/src/utils/projects.ts [1ms]
2024-10-16 16:23:09.105 [info] > git cat-file -s cfd0e80a4ed2ccf7ac7e11c4523a2723c7a303dd [1ms]
2024-10-16 16:23:44.237 [info] > git config --get commit.template [1ms]
2024-10-16 16:23:44.246 [info] > git for-each-ref --format=%(refname)%00%(upstream:short)%00%(objectname)%00%(upstream:track)%00%(upstream:remotename)%00%(upstream:remoteref) refs/heads/main refs/remotes/main [1ms]
2024-10-16 16:23:44.252 [warning] [Git][revParse] Unable to read file: ENOENT: no such file or directory, open '/home/quiet/Workspace/Personal/notquitethereyet.github.io/.git/refs/remotes/origin/main'
2024-10-16 16:23:44.253 [info] > git rev-parse refs/remotes/origin/main [1ms]
2024-10-16 16:23:44.266 [info] > git status -z -uall [8ms]
2024-10-16 16:23:44.267 [info] > git for-each-ref --sort -committerdate --format %(refname) %(objectname) %(*objectname) [2ms]
2024-10-16 16:23:47.444 [info] > git show --textconv :src/utils/webring.ts [5ms]
2024-10-16 16:23:47.445 [info] > git ls-files --stage -- /home/quiet/Workspace/Personal/notquitethereyet.github.io/src/utils/webring.ts [1ms]
2024-10-16 16:23:47.450 [info] > git cat-file -s 4b1cd8af54e6a07fdcdbd02185806e9bcaafd052 [0ms]
2024-10-16 16:23:58.300 [info] > git show --textconv :src/env.d.ts [5ms]
2024-10-16 16:23:58.301 [info] > git ls-files --stage -- /home/quiet/Workspace/Personal/notquitethereyet.github.io/src/env.d.ts [1ms]
2024-10-16 16:23:58.305 [info] > git cat-file -s a44aefd1bceacf508ebaa7b4482973062e797be0 [0ms]
2024-10-16 16:24:02.754 [info] > git show --textconv :src/scss/base.scss [6ms]
2024-10-16 16:24:02.755 [info] > git ls-files --stage -- /home/quiet/Workspace/Personal/notquitethereyet.github.io/src/scss/base.scss [1ms]
2024-10-16 16:24:02.759 [info] > git cat-file -s cccea4bae632230e22cf74ccfe80193e4ddb1d55 [1ms]
2024-10-16 16:24:21.116 [info] > git show --textconv :src/pages/index.astro [5ms]
2024-10-16 16:24:21.116 [info] > git ls-files --stage -- /home/quiet/Workspace/Personal/notquitethereyet.github.io/src/pages/index.astro [1ms]
2024-10-16 16:24:21.122 [info] > git cat-file -s 47769641a2973ce5c027affb6755c1bab7532a64 [2ms]
2024-10-16 16:24:56.191 [info] > git config --get commit.template [6ms]
2024-10-16 16:24:56.191 [info] > git for-each-ref --format=%(refname)%00%(upstream:short)%00%(objectname)%00%(upstream:track)%00%(upstream:remotename)%00%(upstream:remoteref) refs/heads/main refs/remotes/main [2ms]
2024-10-16 16:24:56.196 [warning] [Git][revParse] Unable to read file: ENOENT: no such file or directory, open '/home/quiet/Workspace/Personal/notquitethereyet.github.io/.git/refs/remotes/origin/main'
2024-10-16 16:24:56.197 [info] > git rev-parse refs/remotes/origin/main [2ms]
2024-10-16 16:24:56.210 [info] > git status -z -uall [6ms]
2024-10-16 16:24:56.211 [info] > git for-each-ref --sort -committerdate --format %(refname) %(objectname) %(*objectname) [2ms]
2024-10-16 16:25:01.223 [info] > git config --get commit.template [5ms]
2024-10-16 16:25:01.224 [info] > git for-each-ref --format=%(refname)%00%(upstream:short)%00%(objectname)%00%(upstream:track)%00%(upstream:remotename)%00%(upstream:remoteref) refs/heads/main refs/remotes/main [1ms]
2024-10-16 16:25:01.228 [warning] [Git][revParse] Unable to read file: ENOENT: no such file or directory, open '/home/quiet/Workspace/Personal/notquitethereyet.github.io/.git/refs/remotes/origin/main'
2024-10-16 16:25:01.229 [info] > git rev-parse refs/remotes/origin/main [1ms]
2024-10-16 16:25:01.237 [info] > git status -z -uall [4ms]
2024-10-16 16:25:01.238 [info] > git for-each-ref --sort -committerdate --format %(refname) %(objectname) %(*objectname) [1ms]
2024-10-16 16:26:48.935 [info] > git show --textconv :public/webring/AniList.astro [6ms]
2024-10-16 16:26:48.936 [info] > git ls-files --stage -- /home/quiet/Workspace/Personal/notquitethereyet.github.io/public/webring/AniList.astro [1ms]
2024-10-16 16:26:48.943 [info] > git cat-file -s 1bd4b5330bc9639511dae559d79cf8fdf6ee169a [2ms]
2024-10-16 16:27:19.644 [info] > git show --textconv :src/utils/webring.ts [5ms]
2024-10-16 16:27:19.644 [info] > git ls-files --stage -- /home/quiet/Workspace/Personal/notquitethereyet.github.io/src/utils/webring.ts [1ms]
2024-10-16 16:27:19.649 [info] > git cat-file -s 4b1cd8af54e6a07fdcdbd02185806e9bcaafd052 [1ms]
2024-10-16 16:27:27.446 [info] > git show --textconv :src/utils/projects.ts [8ms]
2024-10-16 16:27:27.446 [info] > git ls-files --stage -- /home/quiet/Workspace/Personal/notquitethereyet.github.io/src/utils/projects.ts [1ms]
2024-10-16 16:27:27.452 [info] > git cat-file -s cfd0e80a4ed2ccf7ac7e11c4523a2723c7a303dd [2ms]
2024-10-16 16:28:10.022 [info] > git config --get commit.template [1ms]
2024-10-16 16:28:10.028 [info] > git for-each-ref --format=%(refname)%00%(upstream:short)%00%(objectname)%00%(upstream:track)%00%(upstream:remotename)%00%(upstream:remoteref) refs/heads/main refs/remotes/main [1ms]
2024-10-16 16:28:10.033 [warning] [Git][revParse] Unable to read file: ENOENT: no such file or directory, open '/home/quiet/Workspace/Personal/notquitethereyet.github.io/.git/refs/remotes/origin/main'
2024-10-16 16:28:10.034 [info] > git rev-parse refs/remotes/origin/main [1ms]
2024-10-16 16:28:10.043 [info] > git status -z -uall [5ms]
2024-10-16 16:28:10.045 [info] > git for-each-ref --sort -committerdate --format %(refname) %(objectname) %(*objectname) [3ms]
2024-10-16 16:30:54.198 [info] > git config --get commit.template [9ms]
2024-10-16 16:30:54.199 [info] > git for-each-ref --format=%(refname)%00%(upstream:short)%00%(objectname)%00%(upstream:track)%00%(upstream:remotename)%00%(upstream:remoteref) refs/heads/main refs/remotes/main [2ms]
2024-10-16 16:30:54.205 [warning] [Git][revParse] Unable to read file: ENOENT: no such file or directory, open '/home/quiet/Workspace/Personal/notquitethereyet.github.io/.git/refs/remotes/origin/main'
2024-10-16 16:30:54.206 [info] > git rev-parse refs/remotes/origin/main [1ms]
2024-10-16 16:30:54.219 [info] > git status -z -uall [6ms]
2024-10-16 16:30:54.220 [info] > git for-each-ref --sort -committerdate --format %(refname) %(objectname) %(*objectname) [1ms]
2024-10-16 16:32:32.298 [info] > git config --get commit.template [8ms]
2024-10-16 16:32:32.298 [info] > git for-each-ref --format=%(refname)%00%(upstream:short)%00%(objectname)%00%(upstream:track)%00%(upstream:remotename)%00%(upstream:remoteref) refs/heads/main refs/remotes/main [1ms]
2024-10-16 16:32:32.305 [warning] [Git][revParse] Unable to read file: ENOENT: no such file or directory, open '/home/quiet/Workspace/Personal/notquitethereyet.github.io/.git/refs/remotes/origin/main'
2024-10-16 16:32:32.306 [info] > git rev-parse refs/remotes/origin/main [1ms]
2024-10-16 16:32:32.315 [info] > git status -z -uall [5ms]
2024-10-16 16:32:32.316 [info] > git for-each-ref --sort -committerdate --format %(refname) %(objectname) %(*objectname) [1ms]
2024-10-16 16:33:42.525 [info] > git config --get commit.template [4ms]
2024-10-16 16:33:42.526 [info] > git for-each-ref --format=%(refname)%00%(upstream:short)%00%(objectname)%00%(upstream:track)%00%(upstream:remotename)%00%(upstream:remoteref) refs/heads/main refs/remotes/main [1ms]
2024-10-16 16:33:42.531 [warning] [Git][revParse] Unable to read file: ENOENT: no such file or directory, open '/home/quiet/Workspace/Personal/notquitethereyet.github.io/.git/refs/remotes/origin/main'
2024-10-16 16:33:42.532 [info] > git rev-parse refs/remotes/origin/main [1ms]
2024-10-16 16:33:42.540 [info] > git status -z -uall [4ms]
2024-10-16 16:33:42.540 [info] > git for-each-ref --sort -committerdate --format %(refname) %(objectname) %(*objectname) [1ms]
2024-10-16 16:34:03.589 [info] > git config --get commit.template [5ms]
2024-10-16 16:34:03.590 [info] > git for-each-ref --format=%(refname)%00%(upstream:short)%00%(objectname)%00%(upstream:track)%00%(upstream:remotename)%00%(upstream:remoteref) refs/heads/main refs/remotes/main [1ms]
2024-10-16 16:34:03.597 [warning] [Git][revParse] Unable to read file: ENOENT: no such file or directory, open '/home/quiet/Workspace/Personal/notquitethereyet.github.io/.git/refs/remotes/origin/main'
2024-10-16 16:34:03.599 [info] > git rev-parse refs/remotes/origin/main [2ms]
2024-10-16 16:34:03.610 [info] > git status -z -uall [6ms]
2024-10-16 16:34:03.611 [info] > git for-each-ref --sort -committerdate --format %(refname) %(objectname) %(*objectname) [1ms]
2024-10-16 16:34:26.106 [info] > git show --textconv :src/scss/base.scss [4ms]
2024-10-16 16:34:26.107 [info] > git ls-files --stage -- /home/quiet/Workspace/Personal/notquitethereyet.github.io/src/scss/base.scss [1ms]
2024-10-16 16:34:26.112 [info] > git cat-file -s cccea4bae632230e22cf74ccfe80193e4ddb1d55 [1ms]
2024-10-16 16:35:24.067 [info] > git config --get commit.template [4ms]
2024-10-16 16:35:24.068 [info] > git for-each-ref --format=%(refname)%00%(upstream:short)%00%(objectname)%00%(upstream:track)%00%(upstream:remotename)%00%(upstream:remoteref) refs/heads/main refs/remotes/main [1ms]
2024-10-16 16:35:24.072 [warning] [Git][revParse] Unable to read file: ENOENT: no such file or directory, open '/home/quiet/Workspace/Personal/notquitethereyet.github.io/.git/refs/remotes/origin/main'
2024-10-16 16:35:24.073 [info] > git rev-parse refs/remotes/origin/main [1ms]
2024-10-16 16:35:24.084 [info] > git status -z -uall [5ms]
2024-10-16 16:35:24.085 [info] > git for-each-ref --sort -committerdate --format %(refname) %(objectname) %(*objectname) [1ms]
2024-10-16 16:35:36.289 [info] > git config --get commit.template [5ms]
2024-10-16 16:35:36.289 [info] > git for-each-ref --format=%(refname)%00%(upstream:short)%00%(objectname)%00%(upstream:track)%00%(upstream:remotename)%00%(upstream:remoteref) refs/heads/main refs/remotes/main [1ms]
2024-10-16 16:35:36.293 [warning] [Git][revParse] Unable to read file: ENOENT: no such file or directory, open '/home/quiet/Workspace/Personal/notquitethereyet.github.io/.git/refs/remotes/origin/main'
2024-10-16 16:35:36.294 [info] > git rev-parse refs/remotes/origin/main [1ms]
2024-10-16 16:35:36.304 [info] > git status -z -uall [4ms]
2024-10-16 16:35:36.305 [info] > git for-each-ref --sort -committerdate --format %(refname) %(objectname) %(*objectname) [1ms]
2024-10-16 16:37:22.985 [info] > git config --get commit.template [5ms]
2024-10-16 16:37:22.986 [info] > git for-each-ref --format=%(refname)%00%(upstream:short)%00%(objectname)%00%(upstream:track)%00%(upstream:remotename)%00%(upstream:remoteref) refs/heads/main refs/remotes/main [1ms]
2024-10-16 16:37:22.991 [warning] [Git][revParse] Unable to read file: ENOENT: no such file or directory, open '/home/quiet/Workspace/Personal/notquitethereyet.github.io/.git/refs/remotes/origin/main'
2024-10-16 16:37:22.992 [info] > git rev-parse refs/remotes/origin/main [1ms]
2024-10-16 16:37:23.001 [info] > git status -z -uall [4ms]
2024-10-16 16:37:23.002 [info] > git for-each-ref --sort -committerdate --format %(refname) %(objectname) %(*objectname) [1ms]
2024-10-16 16:37:53.065 [info] > git show --textconv :src/pages/index.astro [5ms]
2024-10-16 16:37:53.066 [info] > git ls-files --stage -- /home/quiet/Workspace/Personal/notquitethereyet.github.io/src/pages/index.astro [2ms]
2024-10-16 16:37:53.071 [info] > git cat-file -s 47769641a2973ce5c027affb6755c1bab7532a64 [1ms]
2024-10-16 16:37:56.261 [info] > git show --textconv :src/components/Head.astro [4ms]
2024-10-16 16:37:56.262 [info] > git ls-files --stage -- /home/quiet/Workspace/Personal/notquitethereyet.github.io/src/components/Head.astro [1ms]
2024-10-16 16:37:56.267 [info] > git cat-file -s 68f54ab18bf2d5ffde940938b9c5fd2b8ccf65b7 [1ms]
2024-10-16 16:37:57.959 [info] > git show --textconv :src/pages/index.astro [7ms]
2024-10-16 16:37:57.960 [info] > git ls-files --stage -- /home/quiet/Workspace/Personal/notquitethereyet.github.io/src/pages/index.astro [1ms]
2024-10-16 16:37:57.965 [info] > git cat-file -s 47769641a2973ce5c027affb6755c1bab7532a64 [1ms]
2024-10-16 16:38:15.311 [info] > git config --get commit.template [1ms]
2024-10-16 16:38:15.317 [info] > git for-each-ref --format=%(refname)%00%(upstream:short)%00%(objectname)%00%(upstream:track)%00%(upstream:remotename)%00%(upstream:remoteref) refs/heads/main refs/remotes/main [2ms]
2024-10-16 16:38:15.322 [warning] [Git][revParse] Unable to read file: ENOENT: no such file or directory, open '/home/quiet/Workspace/Personal/notquitethereyet.github.io/.git/refs/remotes/origin/main'
2024-10-16 16:38:15.323 [info] > git rev-parse refs/remotes/origin/main [1ms]
2024-10-16 16:38:15.333 [info] > git status -z -uall [5ms]
2024-10-16 16:38:15.333 [info] > git for-each-ref --sort -committerdate --format %(refname) %(objectname) %(*objectname) [2ms]
2024-10-16 16:38:58.186 [info] > git show --textconv :src/scss/base.scss [6ms]
2024-10-16 16:38:58.187 [info] > git ls-files --stage -- /home/quiet/Workspace/Personal/notquitethereyet.github.io/src/scss/base.scss [2ms]
2024-10-16 16:38:58.192 [info] > git cat-file -s cccea4bae632230e22cf74ccfe80193e4ddb1d55 [1ms]
2024-10-16 16:39:02.426 [info] > git config --get commit.template [5ms]
2024-10-16 16:39:02.426 [info] > git for-each-ref --format=%(refname)%00%(upstream:short)%00%(objectname)%00%(upstream:track)%00%(upstream:remotename)%00%(upstream:remoteref) refs/heads/main refs/remotes/main [1ms]
2024-10-16 16:39:02.430 [warning] [Git][revParse] Unable to read file: ENOENT: no such file or directory, open '/home/quiet/Workspace/Personal/notquitethereyet.github.io/.git/refs/remotes/origin/main'
2024-10-16 16:39:02.431 [info] > git rev-parse refs/remotes/origin/main [1ms]
2024-10-16 16:39:02.440 [info] > git status -z -uall [4ms]
2024-10-16 16:39:02.441 [info] > git for-each-ref --sort -committerdate --format %(refname) %(objectname) %(*objectname) [1ms]
2024-10-16 16:39:03.702 [info] > git show --textconv :src/pages/index.astro [5ms]
2024-10-16 16:39:03.703 [info] > git ls-files --stage -- /home/quiet/Workspace/Personal/notquitethereyet.github.io/src/pages/index.astro [2ms]
2024-10-16 16:39:03.708 [info] > git cat-file -s 47769641a2973ce5c027affb6755c1bab7532a64 [1ms]
2024-10-16 16:39:29.908 [info] > git config --get commit.template [5ms]
2024-10-16 16:39:29.909 [info] > git for-each-ref --format=%(refname)%00%(upstream:short)%00%(objectname)%00%(upstream:track)%00%(upstream:remotename)%00%(upstream:remoteref) refs/heads/main refs/remotes/main [2ms]
2024-10-16 16:39:29.913 [warning] [Git][revParse] Unable to read file: ENOENT: no such file or directory, open '/home/quiet/Workspace/Personal/notquitethereyet.github.io/.git/refs/remotes/origin/main'
2024-10-16 16:39:29.914 [info] > git rev-parse refs/remotes/origin/main [1ms]
2024-10-16 16:39:29.922 [info] > git status -z -uall [4ms]
2024-10-16 16:39:29.923 [info] > git for-each-ref --sort -committerdate --format %(refname) %(objectname) %(*objectname) [1ms]
2024-10-16 16:39:44.765 [info] > git config --get commit.template [6ms]
2024-10-16 16:39:44.766 [info] > git for-each-ref --format=%(refname)%00%(upstream:short)%00%(objectname)%00%(upstream:track)%00%(upstream:remotename)%00%(upstream:remoteref) refs/heads/main refs/remotes/main [2ms]
2024-10-16 16:39:44.772 [warning] [Git][revParse] Unable to read file: ENOENT: no such file or directory, open '/home/quiet/Workspace/Personal/notquitethereyet.github.io/.git/refs/remotes/origin/main'
2024-10-16 16:39:44.774 [info] > git rev-parse refs/remotes/origin/main [1ms]
2024-10-16 16:39:44.784 [info] > git status -z -uall [5ms]
2024-10-16 16:39:44.785 [info] > git for-each-ref --sort -committerdate --format %(refname) %(objectname) %(*objectname) [1ms]
2024-10-16 16:39:48.361 [info] > git show --textconv :src/scss/base.scss [9ms]
2024-10-16 16:39:48.362 [info] > git ls-files --stage -- /home/quiet/Workspace/Personal/notquitethereyet.github.io/src/scss/base.scss [2ms]
2024-10-16 16:39:48.370 [info] > git cat-file -s cccea4bae632230e22cf74ccfe80193e4ddb1d55 [2ms]
2024-10-16 16:40:39.716 [info] > git show --textconv :src/pages/index.astro [5ms]
2024-10-16 16:40:39.717 [info] > git ls-files --stage -- /home/quiet/Workspace/Personal/notquitethereyet.github.io/src/pages/index.astro [1ms]
2024-10-16 16:40:39.722 [info] > git cat-file -s 47769641a2973ce5c027affb6755c1bab7532a64 [1ms]
2024-10-16 16:42:04.321 [info] > git config --get commit.template [4ms]
2024-10-16 16:42:04.322 [info] > git for-each-ref --format=%(refname)%00%(upstream:short)%00%(objectname)%00%(upstream:track)%00%(upstream:remotename)%00%(upstream:remoteref) refs/heads/main refs/remotes/main [1ms]
2024-10-16 16:42:04.325 [warning] [Git][revParse] Unable to read file: ENOENT: no such file or directory, open '/home/quiet/Workspace/Personal/notquitethereyet.github.io/.git/refs/remotes/origin/main'
2024-10-16 16:42:04.326 [info] > git rev-parse refs/remotes/origin/main [1ms]
2024-10-16 16:42:04.337 [info] > git status -z -uall [5ms]
2024-10-16 16:42:04.337 [info] > git for-each-ref --sort -committerdate --format %(refname) %(objectname) %(*objectname) [1ms]
2024-10-16 16:42:09.769 [info] > git show --textconv :src/scss/base.scss [7ms]
2024-10-16 16:42:09.770 [info] > git ls-files --stage -- /home/quiet/Workspace/Personal/notquitethereyet.github.io/src/scss/base.scss [1ms]
2024-10-16 16:42:09.777 [info] > git cat-file -s cccea4bae632230e22cf74ccfe80193e4ddb1d55 [1ms]
2024-10-16 16:43:12.950 [info] > git show --textconv :src/pages/index.astro [5ms]
2024-10-16 16:43:12.951 [info] > git ls-files --stage -- /home/quiet/Workspace/Personal/notquitethereyet.github.io/src/pages/index.astro [1ms]
2024-10-16 16:43:12.957 [info] > git cat-file -s 47769641a2973ce5c027affb6755c1bab7532a64 [1ms]
2024-10-16 16:43:25.689 [info] > git config --get commit.template [6ms]
2024-10-16 16:43:25.690 [info] > git for-each-ref --format=%(refname)%00%(upstream:short)%00%(objectname)%00%(upstream:track)%00%(upstream:remotename)%00%(upstream:remoteref) refs/heads/main refs/remotes/main [1ms]
2024-10-16 16:43:25.694 [warning] [Git][revParse] Unable to read file: ENOENT: no such file or directory, open '/home/quiet/Workspace/Personal/notquitethereyet.github.io/.git/refs/remotes/origin/main'
2024-10-16 16:43:25.696 [info] > git rev-parse refs/remotes/origin/main [2ms]
2024-10-16 16:43:25.709 [info] > git status -z -uall [6ms]
2024-10-16 16:43:25.710 [info] > git for-each-ref --sort -committerdate --format %(refname) %(objectname) %(*objectname) [2ms]
2024-10-16 16:43:25.891 [info] > git show --textconv :src/scss/base.scss [5ms]
2024-10-16 16:43:25.892 [info] > git ls-files --stage -- /home/quiet/Workspace/Personal/notquitethereyet.github.io/src/scss/base.scss [1ms]
2024-10-16 16:43:25.898 [info] > git cat-file -s cccea4bae632230e22cf74ccfe80193e4ddb1d55 [2ms]
2024-10-16 16:45:25.324 [info] > git config --get commit.template [5ms]
2024-10-16 16:45:25.325 [info] > git for-each-ref --format=%(refname)%00%(upstream:short)%00%(objectname)%00%(upstream:track)%00%(upstream:remotename)%00%(upstream:remoteref) refs/heads/main refs/remotes/main [2ms]
2024-10-16 16:45:25.329 [warning] [Git][revParse] Unable to read file: ENOENT: no such file or directory, open '/home/quiet/Workspace/Personal/notquitethereyet.github.io/.git/refs/remotes/origin/main'
2024-10-16 16:45:25.330 [info] > git rev-parse refs/remotes/origin/main [1ms]
2024-10-16 16:45:25.340 [info] > git status -z -uall [5ms]
2024-10-16 16:45:25.341 [info] > git for-each-ref --sort -committerdate --format %(refname) %(objectname) %(*objectname) [1ms]
2024-10-16 16:45:26.488 [info] > git show --textconv :src/pages/index.astro [4ms]
2024-10-16 16:45:26.489 [info] > git ls-files --stage -- /home/quiet/Workspace/Personal/notquitethereyet.github.io/src/pages/index.astro [1ms]
2024-10-16 16:45:26.494 [info] > git cat-file -s 47769641a2973ce5c027affb6755c1bab7532a64 [2ms]
2024-10-16 16:45:32.451 [info] > git config --get commit.template [1ms]
2024-10-16 16:45:32.458 [info] > git for-each-ref --format=%(refname)%00%(upstream:short)%00%(objectname)%00%(upstream:track)%00%(upstream:remotename)%00%(upstream:remoteref) refs/heads/main refs/remotes/main [2ms]
2024-10-16 16:45:32.462 [warning] [Git][revParse] Unable to read file: ENOENT: no such file or directory, open '/home/quiet/Workspace/Personal/notquitethereyet.github.io/.git/refs/remotes/origin/main'
2024-10-16 16:45:32.464 [info] > git rev-parse refs/remotes/origin/main [2ms]
2024-10-16 16:45:32.473 [info] > git status -z -uall [5ms]
2024-10-16 16:45:32.473 [info] > git for-each-ref --sort -committerdate --format %(refname) %(objectname) %(*objectname) [1ms]
2024-10-16 16:46:47.074 [info] > git show --textconv :src/utils/headerlinks.ts [5ms]
2024-10-16 16:46:47.075 [info] > git ls-files --stage -- /home/quiet/Workspace/Personal/notquitethereyet.github.io/src/utils/headerlinks.ts [1ms]
2024-10-16 16:46:47.079 [info] > git cat-file -s 76dcba73fd394180fae568ca3ee1acc146604bc0 [1ms]
2024-10-16 16:46:58.992 [info] > git show --textconv :src/pages/index.astro [4ms]
2024-10-16 16:46:58.993 [info] > git ls-files --stage -- /home/quiet/Workspace/Personal/notquitethereyet.github.io/src/pages/index.astro [1ms]
2024-10-16 16:46:58.998 [info] > git cat-file -s 47769641a2973ce5c027affb6755c1bab7532a64 [1ms]
2024-10-16 16:47:51.586 [info] > git config --get commit.template [1ms]
2024-10-16 16:47:51.592 [info] > git for-each-ref --format=%(refname)%00%(upstream:short)%00%(objectname)%00%(upstream:track)%00%(upstream:remotename)%00%(upstream:remoteref) refs/heads/main refs/remotes/main [1ms]
2024-10-16 16:47:51.597 [warning] [Git][revParse] Unable to read file: ENOENT: no such file or directory, open '/home/quiet/Workspace/Personal/notquitethereyet.github.io/.git/refs/remotes/origin/main'
2024-10-16 16:47:51.598 [info] > git rev-parse refs/remotes/origin/main [1ms]
2024-10-16 16:47:51.606 [info] > git status -z -uall [4ms]
2024-10-16 16:47:51.607 [info] > git for-each-ref --sort -committerdate --format %(refname) %(objectname) %(*objectname) [1ms]
2024-10-16 16:51:29.222 [info] > git config --get commit.template [6ms]
2024-10-16 16:51:29.222 [info] > git for-each-ref --format=%(refname)%00%(upstream:short)%00%(objectname)%00%(upstream:track)%00%(upstream:remotename)%00%(upstream:remoteref) refs/heads/main refs/remotes/main [1ms]
2024-10-16 16:51:29.229 [warning] [Git][revParse] Unable to read file: ENOENT: no such file or directory, open '/home/quiet/Workspace/Personal/notquitethereyet.github.io/.git/refs/remotes/origin/main'
2024-10-16 16:51:29.230 [info] > git rev-parse refs/remotes/origin/main [1ms]
2024-10-16 16:51:29.238 [info] > git status -z -uall [5ms]
2024-10-16 16:51:29.239 [info] > git for-each-ref --sort -committerdate --format %(refname) %(objectname) %(*objectname) [1ms]
2024-10-16 16:51:45.639 [info] > git config --get commit.template [9ms]
2024-10-16 16:51:45.640 [info] > git for-each-ref --format=%(refname)%00%(upstream:short)%00%(objectname)%00%(upstream:track)%00%(upstream:remotename)%00%(upstream:remoteref) refs/heads/main refs/remotes/main [2ms]
2024-10-16 16:51:45.646 [warning] [Git][revParse] Unable to read file: ENOENT: no such file or directory, open '/home/quiet/Workspace/Personal/notquitethereyet.github.io/.git/refs/remotes/origin/main'
2024-10-16 16:51:45.647 [info] > git rev-parse refs/remotes/origin/main [1ms]
2024-10-16 16:51:45.659 [info] > git status -z -uall [5ms]
2024-10-16 16:51:45.659 [info] > git for-each-ref --sort -committerdate --format %(refname) %(objectname) %(*objectname) [1ms]
2024-10-16 16:51:53.227 [info] > git config --get commit.template [5ms]
2024-10-16 16:51:53.228 [info] > git for-each-ref --format=%(refname)%00%(upstream:short)%00%(objectname)%00%(upstream:track)%00%(upstream:remotename)%00%(upstream:remoteref) refs/heads/main refs/remotes/main [1ms]
2024-10-16 16:51:53.232 [warning] [Git][revParse] Unable to read file: ENOENT: no such file or directory, open '/home/quiet/Workspace/Personal/notquitethereyet.github.io/.git/refs/remotes/origin/main'
2024-10-16 16:51:53.234 [info] > git rev-parse refs/remotes/origin/main [2ms]
2024-10-16 16:51:53.244 [info] > git status -z -uall [5ms]
2024-10-16 16:51:53.244 [info] > git for-each-ref --sort -committerdate --format %(refname) %(objectname) %(*objectname) [1ms]
2024-10-16 16:52:57.051 [info] > git config --get commit.template [11ms]
2024-10-16 16:52:57.051 [info] > git for-each-ref --format=%(refname)%00%(upstream:short)%00%(objectname)%00%(upstream:track)%00%(upstream:remotename)%00%(upstream:remoteref) refs/heads/main refs/remotes/main [2ms]
2024-10-16 16:52:57.056 [warning] [Git][revParse] Unable to read file: ENOENT: no such file or directory, open '/home/quiet/Workspace/Personal/notquitethereyet.github.io/.git/refs/remotes/origin/main'
2024-10-16 16:52:57.057 [info] > git rev-parse refs/remotes/origin/main [1ms]
2024-10-16 16:52:57.069 [info] > git status -z -uall [8ms]
2024-10-16 16:52:57.071 [info] > git for-each-ref --sort -committerdate --format %(refname) %(objectname) %(*objectname) [2ms]
2024-10-16 16:53:50.409 [info] > git config --get commit.template [0ms]
2024-10-16 16:53:50.415 [info] > git for-each-ref --format=%(refname)%00%(upstream:short)%00%(objectname)%00%(upstream:track)%00%(upstream:remotename)%00%(upstream:remoteref) refs/heads/main refs/remotes/main [2ms]
2024-10-16 16:53:50.420 [warning] [Git][revParse] Unable to read file: ENOENT: no such file or directory, open '/home/quiet/Workspace/Personal/notquitethereyet.github.io/.git/refs/remotes/origin/main'
2024-10-16 16:53:50.421 [info] > git rev-parse refs/remotes/origin/main [1ms]
2024-10-16 16:53:50.431 [info] > git status -z -uall [6ms]
2024-10-16 16:53:50.433 [info] > git for-each-ref --sort -committerdate --format %(refname) %(objectname) %(*objectname) [1ms]
2024-10-16 16:54:20.375 [info] > git config --get commit.template [4ms]
2024-10-16 16:54:20.376 [info] > git for-each-ref --format=%(refname)%00%(upstream:short)%00%(objectname)%00%(upstream:track)%00%(upstream:remotename)%00%(upstream:remoteref) refs/heads/main refs/remotes/main [1ms]
2024-10-16 16:54:20.381 [warning] [Git][revParse] Unable to read file: ENOENT: no such file or directory, open '/home/quiet/Workspace/Personal/notquitethereyet.github.io/.git/refs/remotes/origin/main'
2024-10-16 16:54:20.382 [info] > git rev-parse refs/remotes/origin/main [1ms]
2024-10-16 16:54:20.391 [info] > git status -z -uall [5ms]
2024-10-16 16:54:20.391 [info] > git for-each-ref --sort -committerdate --format %(refname) %(objectname) %(*objectname) [1ms]
2024-10-16 16:54:53.209 [info] > git config --get commit.template [0ms]
2024-10-16 16:54:53.215 [info] > git for-each-ref --format=%(refname)%00%(upstream:short)%00%(objectname)%00%(upstream:track)%00%(upstream:remotename)%00%(upstream:remoteref) refs/heads/main refs/remotes/main [2ms]
2024-10-16 16:54:53.218 [warning] [Git][revParse] Unable to read file: ENOENT: no such file or directory, open '/home/quiet/Workspace/Personal/notquitethereyet.github.io/.git/refs/remotes/origin/main'
2024-10-16 16:54:53.219 [info] > git rev-parse refs/remotes/origin/main [1ms]
2024-10-16 16:54:53.231 [info] > git status -z -uall [6ms]
2024-10-16 16:54:53.232 [info] > git for-each-ref --sort -committerdate --format %(refname) %(objectname) %(*objectname) [2ms]
2024-10-16 16:55:28.871 [info] > git config --get commit.template [6ms]
2024-10-16 16:55:28.872 [info] > git for-each-ref --format=%(refname)%00%(upstream:short)%00%(objectname)%00%(upstream:track)%00%(upstream:remotename)%00%(upstream:remoteref) refs/heads/main refs/remotes/main [2ms]
2024-10-16 16:55:28.876 [warning] [Git][revParse] Unable to read file: ENOENT: no such file or directory, open '/home/quiet/Workspace/Personal/notquitethereyet.github.io/.git/refs/remotes/origin/main'
2024-10-16 16:55:28.878 [info] > git rev-parse refs/remotes/origin/main [2ms]
2024-10-16 16:55:28.889 [info] > git status -z -uall [6ms]
2024-10-16 16:55:28.890 [info] > git for-each-ref --sort -committerdate --format %(refname) %(objectname) %(*objectname) [2ms]
2024-10-16 16:56:01.318 [info] > git config --get commit.template [6ms]
2024-10-16 16:56:01.319 [info] > git for-each-ref --format=%(refname)%00%(upstream:short)%00%(objectname)%00%(upstream:track)%00%(upstream:remotename)%00%(upstream:remoteref) refs/heads/main refs/remotes/main [1ms]
2024-10-16 16:56:01.323 [warning] [Git][revParse] Unable to read file: ENOENT: no such file or directory, open '/home/quiet/Workspace/Personal/notquitethereyet.github.io/.git/refs/remotes/origin/main'
2024-10-16 16:56:01.324 [info] > git rev-parse refs/remotes/origin/main [1ms]
2024-10-16 16:56:01.334 [info] > git status -z -uall [6ms]
2024-10-16 16:56:01.334 [info] > git for-each-ref --sort -committerdate --format %(refname) %(objectname) %(*objectname) [1ms]
2024-10-16 16:56:17.557 [info] > git config --get commit.template [5ms]
2024-10-16 16:56:17.558 [info] > git for-each-ref --format=%(refname)%00%(upstream:short)%00%(objectname)%00%(upstream:track)%00%(upstream:remotename)%00%(upstream:remoteref) refs/heads/main refs/remotes/main [2ms]
2024-10-16 16:56:17.564 [warning] [Git][revParse] Unable to read file: ENOENT: no such file or directory, open '/home/quiet/Workspace/Personal/notquitethereyet.github.io/.git/refs/remotes/origin/main'
2024-10-16 16:56:17.565 [info] > git rev-parse refs/remotes/origin/main [1ms]
2024-10-16 16:56:17.574 [info] > git status -z -uall [5ms]
2024-10-16 16:56:17.575 [info] > git for-each-ref --sort -committerdate --format %(refname) %(objectname) %(*objectname) [1ms]
2024-10-16 16:56:36.471 [info] > git config --get commit.template [5ms]
2024-10-16 16:56:36.472 [info] > git for-each-ref --format=%(refname)%00%(upstream:short)%00%(objectname)%00%(upstream:track)%00%(upstream:remotename)%00%(upstream:remoteref) refs/heads/main refs/remotes/main [2ms]
2024-10-16 16:56:36.475 [warning] [Git][revParse] Unable to read file: ENOENT: no such file or directory, open '/home/quiet/Workspace/Personal/notquitethereyet.github.io/.git/refs/remotes/origin/main'
2024-10-16 16:56:36.476 [info] > git rev-parse refs/remotes/origin/main [1ms]
2024-10-16 16:56:36.486 [info] > git status -z -uall [6ms]
2024-10-16 16:56:36.487 [info] > git for-each-ref --sort -committerdate --format %(refname) %(objectname) %(*objectname) [1ms]
2024-10-16 16:56:43.691 [info] > git config --get commit.template [5ms]
2024-10-16 16:56:43.692 [info] > git for-each-ref --format=%(refname)%00%(upstream:short)%00%(objectname)%00%(upstream:track)%00%(upstream:remotename)%00%(upstream:remoteref) refs/heads/main refs/remotes/main [1ms]
2024-10-16 16:56:43.696 [warning] [Git][revParse] Unable to read file: ENOENT: no such file or directory, open '/home/quiet/Workspace/Personal/notquitethereyet.github.io/.git/refs/remotes/origin/main'
2024-10-16 16:56:43.698 [info] > git rev-parse refs/remotes/origin/main [2ms]
2024-10-16 16:56:43.707 [info] > git status -z -uall [5ms]
2024-10-16 16:56:43.708 [info] > git for-each-ref --sort -committerdate --format %(refname) %(objectname) %(*objectname) [1ms]
2024-10-16 16:56:58.851 [info] > git config --get commit.template [1ms]
2024-10-16 16:56:58.856 [info] > git for-each-ref --format=%(refname)%00%(upstream:short)%00%(objectname)%00%(upstream:track)%00%(upstream:remotename)%00%(upstream:remoteref) refs/heads/main refs/remotes/main [1ms]
2024-10-16 16:56:58.860 [warning] [Git][revParse] Unable to read file: ENOENT: no such file or directory, open '/home/quiet/Workspace/Personal/notquitethereyet.github.io/.git/refs/remotes/origin/main'
2024-10-16 16:56:58.861 [info] > git rev-parse refs/remotes/origin/main [2ms]
2024-10-16 16:56:58.872 [info] > git status -z -uall [4ms]
2024-10-16 16:56:58.872 [info] > git for-each-ref --sort -committerdate --format %(refname) %(objectname) %(*objectname) [1ms]
2024-10-16 16:57:03.879 [info] > git config --get commit.template [1ms]
2024-10-16 16:57:03.885 [info] > git for-each-ref --format=%(refname)%00%(upstream:short)%00%(objectname)%00%(upstream:track)%00%(upstream:remotename)%00%(upstream:remoteref) refs/heads/main refs/remotes/main [1ms]
2024-10-16 16:57:03.889 [warning] [Git][revParse] Unable to read file: ENOENT: no such file or directory, open '/home/quiet/Workspace/Personal/notquitethereyet.github.io/.git/refs/remotes/origin/main'
2024-10-16 16:57:03.890 [info] > git rev-parse refs/remotes/origin/main [1ms]
2024-10-16 16:57:03.899 [info] > git status -z -uall [5ms]
2024-10-16 16:57:03.899 [info] > git for-each-ref --sort -committerdate --format %(refname) %(objectname) %(*objectname) [1ms]
2024-10-16 16:57:08.912 [info] > git config --get commit.template [5ms]
2024-10-16 16:57:08.912 [info] > git for-each-ref --format=%(refname)%00%(upstream:short)%00%(objectname)%00%(upstream:track)%00%(upstream:remotename)%00%(upstream:remoteref) refs/heads/main refs/remotes/main [1ms]
2024-10-16 16:57:08.916 [warning] [Git][revParse] Unable to read file: ENOENT: no such file or directory, open '/home/quiet/Workspace/Personal/notquitethereyet.github.io/.git/refs/remotes/origin/main'
2024-10-16 16:57:08.917 [info] > git rev-parse refs/remotes/origin/main [1ms]
2024-10-16 16:57:08.926 [info] > git status -z -uall [5ms]
2024-10-16 16:57:08.927 [info] > git for-each-ref --sort -committerdate --format %(refname) %(objectname) %(*objectname) [2ms]
2024-10-16 16:57:13.939 [info] > git config --get commit.template [5ms]
2024-10-16 16:57:13.940 [info] > git for-each-ref --format=%(refname)%00%(upstream:short)%00%(objectname)%00%(upstream:track)%00%(upstream:remotename)%00%(upstream:remoteref) refs/heads/main refs/remotes/main [2ms]
2024-10-16 16:57:13.943 [warning] [Git][revParse] Unable to read file: ENOENT: no such file or directory, open '/home/quiet/Workspace/Personal/notquitethereyet.github.io/.git/refs/remotes/origin/main'
2024-10-16 16:57:13.944 [info] > git rev-parse refs/remotes/origin/main [1ms]
2024-10-16 16:57:13.952 [info] > git status -z -uall [4ms]
2024-10-16 16:57:13.953 [info] > git for-each-ref --sort -committerdate --format %(refname) %(objectname) %(*objectname) [1ms]
2024-10-16 16:57:18.963 [info] > git config --get commit.template [5ms]
2024-10-16 16:57:18.965 [info] > git for-each-ref --format=%(refname)%00%(upstream:short)%00%(objectname)%00%(upstream:track)%00%(upstream:remotename)%00%(upstream:remoteref) refs/heads/main refs/remotes/main [1ms]
2024-10-16 16:57:18.969 [warning] [Git][revParse] Unable to read file: ENOENT: no such file or directory, open '/home/quiet/Workspace/Personal/notquitethereyet.github.io/.git/refs/remotes/origin/main'
2024-10-16 16:57:18.970 [info] > git rev-parse refs/remotes/origin/main [2ms]
2024-10-16 16:57:18.977 [info] > git status -z -uall [4ms]
2024-10-16 16:57:18.978 [info] > git for-each-ref --sort -committerdate --format %(refname) %(objectname) %(*objectname) [1ms]
2024-10-16 16:57:23.991 [info] > git config --get commit.template [5ms]
2024-10-16 16:57:23.991 [info] > git for-each-ref --format=%(refname)%00%(upstream:short)%00%(objectname)%00%(upstream:track)%00%(upstream:remotename)%00%(upstream:remoteref) refs/heads/main refs/remotes/main [1ms]
2024-10-16 16:57:23.994 [warning] [Git][revParse] Unable to read file: ENOENT: no such file or directory, open '/home/quiet/Workspace/Personal/notquitethereyet.github.io/.git/refs/remotes/origin/main'
2024-10-16 16:57:23.995 [info] > git rev-parse refs/remotes/origin/main [1ms]
2024-10-16 16:57:24.003 [info] > git status -z -uall [4ms]
2024-10-16 16:57:24.004 [info] > git for-each-ref --sort -committerdate --format %(refname) %(objectname) %(*objectname) [1ms]
2024-10-16 16:59:01.391 [info] > git config --get commit.template [7ms]
2024-10-16 16:59:01.392 [info] > git for-each-ref --format=%(refname)%00%(upstream:short)%00%(objectname)%00%(upstream:track)%00%(upstream:remotename)%00%(upstream:remoteref) refs/heads/main refs/remotes/main [1ms]
2024-10-16 16:59:01.398 [warning] [Git][revParse] Unable to read file: ENOENT: no such file or directory, open '/home/quiet/Workspace/Personal/notquitethereyet.github.io/.git/refs/remotes/origin/main'
2024-10-16 16:59:01.399 [info] > git rev-parse refs/remotes/origin/main [1ms]
2024-10-16 16:59:01.411 [info] > git status -z -uall [6ms]
2024-10-16 16:59:01.412 [info] > git for-each-ref --sort -committerdate --format %(refname) %(objectname) %(*objectname) [2ms]
2024-10-16 17:00:48.595 [info] > git config --get commit.template [1ms]
2024-10-16 17:00:48.600 [info] > git for-each-ref --format=%(refname)%00%(upstream:short)%00%(objectname)%00%(upstream:track)%00%(upstream:remotename)%00%(upstream:remoteref) refs/heads/main refs/remotes/main [1ms]
2024-10-16 17:00:48.607 [warning] [Git][revParse] Unable to read file: ENOENT: no such file or directory, open '/home/quiet/Workspace/Personal/notquitethereyet.github.io/.git/refs/remotes/origin/main'
2024-10-16 17:00:48.609 [info] > git rev-parse refs/remotes/origin/main [2ms]
2024-10-16 17:00:48.623 [info] > git status -z -uall [6ms]
2024-10-16 17:00:48.623 [info] > git for-each-ref --sort -committerdate --format %(refname) %(objectname) %(*objectname) [1ms]
2024-10-16 17:00:57.796 [info] > git config --get commit.template [12ms]
2024-10-16 17:00:57.797 [info] > git for-each-ref --format=%(refname)%00%(upstream:short)%00%(objectname)%00%(upstream:track)%00%(upstream:remotename)%00%(upstream:remoteref) refs/heads/main refs/remotes/main [3ms]
2024-10-16 17:00:57.812 [warning] [Git][revParse] Unable to read file: ENOENT: no such file or directory, open '/home/quiet/Workspace/Personal/notquitethereyet.github.io/.git/refs/remotes/origin/main'
2024-10-16 17:00:57.815 [info] > git rev-parse refs/remotes/origin/main [3ms]
2024-10-16 17:00:57.831 [info] > git status -z -uall [6ms]
2024-10-16 17:00:57.833 [info] > git for-each-ref --sort -committerdate --format %(refname) %(objectname) %(*objectname) [1ms]
2024-10-16 17:03:38.373 [info] > git config --get commit.template [5ms]
2024-10-16 17:03:38.373 [info] > git for-each-ref --format=%(refname)%00%(upstream:short)%00%(objectname)%00%(upstream:track)%00%(upstream:remotename)%00%(upstream:remoteref) refs/heads/main refs/remotes/main [1ms]
2024-10-16 17:03:38.377 [warning] [Git][revParse] Unable to read file: ENOENT: no such file or directory, open '/home/quiet/Workspace/Personal/notquitethereyet.github.io/.git/refs/remotes/origin/main'
2024-10-16 17:03:38.379 [info] > git rev-parse refs/remotes/origin/main [2ms]
2024-10-16 17:03:38.388 [info] > git status -z -uall [4ms]
2024-10-16 17:03:38.389 [info] > git for-each-ref --sort -committerdate --format %(refname) %(objectname) %(*objectname) [1ms]
2024-10-16 17:04:33.776 [info] > git config --get commit.template [1ms]
2024-10-16 17:04:33.783 [info] > git for-each-ref --format=%(refname)%00%(upstream:short)%00%(objectname)%00%(upstream:track)%00%(upstream:remotename)%00%(upstream:remoteref) refs/heads/main refs/remotes/main [1ms]
2024-10-16 17:04:33.787 [warning] [Git][revParse] Unable to read file: ENOENT: no such file or directory, open '/home/quiet/Workspace/Personal/notquitethereyet.github.io/.git/refs/remotes/origin/main'
2024-10-16 17:04:33.788 [info] > git rev-parse refs/remotes/origin/main [1ms]
2024-10-16 17:04:33.798 [info] > git status -z -uall [5ms]
2024-10-16 17:04:33.798 [info] > git for-each-ref --sort -committerdate --format %(refname) %(objectname) %(*objectname) [1ms]
2024-10-16 17:04:57.095 [info] > git config --get commit.template [2ms]
2024-10-16 17:04:57.105 [info] > git for-each-ref --format=%(refname)%00%(upstream:short)%00%(objectname)%00%(upstream:track)%00%(upstream:remotename)%00%(upstream:remoteref) refs/heads/main refs/remotes/main [1ms]
2024-10-16 17:04:57.110 [warning] [Git][revParse] Unable to read file: ENOENT: no such file or directory, open '/home/quiet/Workspace/Personal/notquitethereyet.github.io/.git/refs/remotes/origin/main'
2024-10-16 17:04:57.111 [info] > git rev-parse refs/remotes/origin/main [1ms]
2024-10-16 17:04:57.121 [info] > git status -z -uall [5ms]
2024-10-16 17:04:57.122 [info] > git for-each-ref --sort -committerdate --format %(refname) %(objectname) %(*objectname) [1ms]
2024-10-16 17:05:57.336 [info] > git config --get commit.template [9ms]
2024-10-16 17:05:57.337 [info] > git for-each-ref --format=%(refname)%00%(upstream:short)%00%(objectname)%00%(upstream:track)%00%(upstream:remotename)%00%(upstream:remoteref) refs/heads/main refs/remotes/main [3ms]
2024-10-16 17:05:57.345 [warning] [Git][revParse] Unable to read file: ENOENT: no such file or directory, open '/home/quiet/Workspace/Personal/notquitethereyet.github.io/.git/refs/remotes/origin/main'
2024-10-16 17:05:57.347 [info] > git rev-parse refs/remotes/origin/main [2ms]
2024-10-16 17:05:57.365 [info] > git status -z -uall [12ms]
2024-10-16 17:05:57.367 [info] > git for-each-ref --sort -committerdate --format %(refname) %(objectname) %(*objectname) [2ms]
2024-10-16 17:06:52.602 [info] > git config --get commit.template [5ms]
2024-10-16 17:06:52.602 [info] > git for-each-ref --format=%(refname)%00%(upstream:short)%00%(objectname)%00%(upstream:track)%00%(upstream:remotename)%00%(upstream:remoteref) refs/heads/main refs/remotes/main [1ms]
2024-10-16 17:06:52.608 [warning] [Git][revParse] Unable to read file: ENOENT: no such file or directory, open '/home/quiet/Workspace/Personal/notquitethereyet.github.io/.git/refs/remotes/origin/main'
2024-10-16 17:06:52.609 [info] > git rev-parse refs/remotes/origin/main [1ms]
2024-10-16 17:06:52.618 [info] > git status -z -uall [5ms]
2024-10-16 17:06:52.619 [info] > git for-each-ref --sort -committerdate --format %(refname) %(objectname) %(*objectname) [2ms]
2024-10-16 17:07:12.540 [info] > git config --get commit.template [5ms]
2024-10-16 17:07:12.541 [info] > git for-each-ref --format=%(refname)%00%(upstream:short)%00%(objectname)%00%(upstream:track)%00%(upstream:remotename)%00%(upstream:remoteref) refs/heads/main refs/remotes/main [1ms]
2024-10-16 17:07:12.545 [warning] [Git][revParse] Unable to read file: ENOENT: no such file or directory, open '/home/quiet/Workspace/Personal/notquitethereyet.github.io/.git/refs/remotes/origin/main'
2024-10-16 17:07:12.546 [info] > git rev-parse refs/remotes/origin/main [1ms]
2024-10-16 17:07:12.554 [info] > git status -z -uall [4ms]
2024-10-16 17:07:12.555 [info] > git for-each-ref --sort -committerdate --format %(refname) %(objectname) %(*objectname) [1ms]
2024-10-16 17:07:49.107 [info] > git config --get commit.template [6ms]
2024-10-16 17:07:49.108 [info] > git for-each-ref --format=%(refname)%00%(upstream:short)%00%(objectname)%00%(upstream:track)%00%(upstream:remotename)%00%(upstream:remoteref) refs/heads/main refs/remotes/main [2ms]
2024-10-16 17:07:49.113 [warning] [Git][revParse] Unable to read file: ENOENT: no such file or directory, open '/home/quiet/Workspace/Personal/notquitethereyet.github.io/.git/refs/remotes/origin/main'
2024-10-16 17:07:49.114 [info] > git rev-parse refs/remotes/origin/main [1ms]
2024-10-16 17:07:49.125 [info] > git status -z -uall [7ms]
2024-10-16 17:07:49.126 [info] > git for-each-ref --sort -committerdate --format %(refname) %(objectname) %(*objectname) [2ms]
2024-10-16 17:08:17.983 [info] > git show --textconv :src/components/Footer.astro [5ms]
2024-10-16 17:08:17.984 [info] > git ls-files --stage -- /home/quiet/Workspace/Personal/notquitethereyet.github.io/src/components/Footer.astro [1ms]
2024-10-16 17:08:17.988 [info] > git cat-file -s ffebb086ce1d670606edc676c7bebcb50802095d [1ms]
2024-10-16 17:08:24.495 [info] > git show --textconv :src/pages/index.astro [6ms]
2024-10-16 17:08:24.496 [info] > git ls-files --stage -- /home/quiet/Workspace/Personal/notquitethereyet.github.io/src/pages/index.astro [1ms]
2024-10-16 17:08:24.503 [info] > git cat-file -s 47769641a2973ce5c027affb6755c1bab7532a64 [2ms]
2024-10-16 17:08:38.722 [info] > git config --get commit.template [6ms]
2024-10-16 17:08:38.723 [info] > git for-each-ref --format=%(refname)%00%(upstream:short)%00%(objectname)%00%(upstream:track)%00%(upstream:remotename)%00%(upstream:remoteref) refs/heads/main refs/remotes/main [1ms]
2024-10-16 17:08:38.728 [warning] [Git][revParse] Unable to read file: ENOENT: no such file or directory, open '/home/quiet/Workspace/Personal/notquitethereyet.github.io/.git/refs/remotes/origin/main'
2024-10-16 17:08:38.730 [info] > git rev-parse refs/remotes/origin/main [2ms]
2024-10-16 17:08:38.739 [info] > git status -z -uall [4ms]
2024-10-16 17:08:38.740 [info] > git for-each-ref --sort -committerdate --format %(refname) %(objectname) %(*objectname) [1ms]
2024-10-16 17:09:54.539 [info] > git config --get commit.template [7ms]
2024-10-16 17:09:54.539 [info] > git for-each-ref --format=%(refname)%00%(upstream:short)%00%(objectname)%00%(upstream:track)%00%(upstream:remotename)%00%(upstream:remoteref) refs/heads/main refs/remotes/main [1ms]
2024-10-16 17:09:54.544 [warning] [Git][revParse] Unable to read file: ENOENT: no such file or directory, open '/home/quiet/Workspace/Personal/notquitethereyet.github.io/.git/refs/remotes/origin/main'
2024-10-16 17:09:54.545 [info] > git rev-parse refs/remotes/origin/main [1ms]
2024-10-16 17:09:54.555 [info] > git status -z -uall [6ms]
2024-10-16 17:09:54.556 [info] > git for-each-ref --sort -committerdate --format %(refname) %(objectname) %(*objectname) [1ms]
2024-10-16 17:10:12.345 [info] > git config --get commit.template [1ms]
2024-10-16 17:10:12.350 [info] > git for-each-ref --format=%(refname)%00%(upstream:short)%00%(objectname)%00%(upstream:track)%00%(upstream:remotename)%00%(upstream:remoteref) refs/heads/main refs/remotes/main [1ms]
2024-10-16 17:10:12.356 [warning] [Git][revParse] Unable to read file: ENOENT: no such file or directory, open '/home/quiet/Workspace/Personal/notquitethereyet.github.io/.git/refs/remotes/origin/main'
2024-10-16 17:10:12.357 [info] > git rev-parse refs/remotes/origin/main [1ms]
2024-10-16 17:10:12.366 [info] > git status -z -uall [4ms]
2024-10-16 17:10:12.367 [info] > git for-each-ref --sort -committerdate --format %(refname) %(objectname) %(*objectname) [2ms]
2024-10-16 17:12:22.752 [info] > git config --get commit.template [6ms]
2024-10-16 17:12:22.753 [info] > git for-each-ref --format=%(refname)%00%(upstream:short)%00%(objectname)%00%(upstream:track)%00%(upstream:remotename)%00%(upstream:remoteref) refs/heads/main refs/remotes/main [2ms]
2024-10-16 17:12:22.759 [warning] [Git][revParse] Unable to read file: ENOENT: no such file or directory, open '/home/quiet/Workspace/Personal/notquitethereyet.github.io/.git/refs/remotes/origin/main'
2024-10-16 17:12:22.760 [info] > git rev-parse refs/remotes/origin/main [1ms]
2024-10-16 17:12:22.772 [info] > git status -z -uall [6ms]
2024-10-16 17:12:22.773 [info] > git for-each-ref --sort -committerdate --format %(refname) %(objectname) %(*objectname) [2ms]
2024-10-16 17:13:30.695 [info] > git config --get commit.template [5ms]
2024-10-16 17:13:30.696 [info] > git for-each-ref --format=%(refname)%00%(upstream:short)%00%(objectname)%00%(upstream:track)%00%(upstream:remotename)%00%(upstream:remoteref) refs/heads/main refs/remotes/main [1ms]
2024-10-16 17:13:30.700 [warning] [Git][revParse] Unable to read file: ENOENT: no such file or directory, open '/home/quiet/Workspace/Personal/notquitethereyet.github.io/.git/refs/remotes/origin/main'
2024-10-16 17:13:30.702 [info] > git rev-parse refs/remotes/origin/main [2ms]
2024-10-16 17:13:30.712 [info] > git status -z -uall [5ms]
2024-10-16 17:13:30.713 [info] > git for-each-ref --sort -committerdate --format %(refname) %(objectname) %(*objectname) [1ms]
2024-10-16 17:13:30.798 [info] > git ls-files --stage -- /home/quiet/Workspace/Personal/notquitethereyet.github.io/src/pages/index.astro [2ms]
2024-10-16 17:13:30.809 [info] > git cat-file -s 47769641a2973ce5c027affb6755c1bab7532a64 [3ms]
2024-10-16 17:13:30.823 [info] > git show --textconv :src/pages/index.astro [3ms]
2024-10-16 17:13:44.837 [info] > git config --get commit.template [5ms]
2024-10-16 17:13:44.838 [info] > git for-each-ref --format=%(refname)%00%(upstream:short)%00%(objectname)%00%(upstream:track)%00%(upstream:remotename)%00%(upstream:remoteref) refs/heads/main refs/remotes/main [1ms]
2024-10-16 17:13:44.844 [warning] [Git][revParse] Unable to read file: ENOENT: no such file or directory, open '/home/quiet/Workspace/Personal/notquitethereyet.github.io/.git/refs/remotes/origin/main'
2024-10-16 17:13:44.844 [info] > git rev-parse refs/remotes/origin/main [0ms]
2024-10-16 17:13:44.854 [info] > git status -z -uall [6ms]
2024-10-16 17:13:44.856 [info] > git for-each-ref --sort -committerdate --format %(refname) %(objectname) %(*objectname) [2ms]
2024-10-16 17:13:44.934 [info] > git ls-files --stage -- /home/quiet/Workspace/Personal/notquitethereyet.github.io/src/pages/index.astro [2ms]
2024-10-16 17:13:44.942 [info] > git cat-file -s 47769641a2973ce5c027affb6755c1bab7532a64 [2ms]
2024-10-16 17:13:44.962 [info] > git show --textconv :src/pages/index.astro [2ms]
2024-10-16 17:14:20.235 [info] > git config --get commit.template [5ms]
2024-10-16 17:14:20.236 [info] > git for-each-ref --format=%(refname)%00%(upstream:short)%00%(objectname)%00%(upstream:track)%00%(upstream:remotename)%00%(upstream:remoteref) refs/heads/main refs/remotes/main [1ms]
2024-10-16 17:14:20.241 [warning] [Git][revParse] Unable to read file: ENOENT: no such file or directory, open '/home/quiet/Workspace/Personal/notquitethereyet.github.io/.git/refs/remotes/origin/main'
2024-10-16 17:14:20.242 [info] > git rev-parse refs/remotes/origin/main [2ms]
2024-10-16 17:14:20.252 [info] > git status -z -uall [6ms]
2024-10-16 17:14:20.252 [info] > git for-each-ref --sort -committerdate --format %(refname) %(objectname) %(*objectname) [1ms]
2024-10-16 17:14:20.331 [info] > git ls-files --stage -- /home/quiet/Workspace/Personal/notquitethereyet.github.io/src/pages/index.astro [1ms]
2024-10-16 17:14:20.336 [info] > git cat-file -s 4cf0305ca3128465732bf43128d51ff22f4741d2 [1ms]
2024-10-16 17:14:20.344 [info] > git show --textconv :src/pages/index.astro [2ms]
2024-10-16 17:14:28.203 [info] > git config --get commit.template [1ms]
2024-10-16 17:14:28.209 [info] > git for-each-ref --format=%(refname)%00%(upstream:short)%00%(objectname)%00%(upstream:track)%00%(upstream:remotename)%00%(upstream:remoteref) refs/heads/main refs/remotes/main [2ms]
2024-10-16 17:14:28.214 [warning] [Git][revParse] Unable to read file: ENOENT: no such file or directory, open '/home/quiet/Workspace/Personal/notquitethereyet.github.io/.git/refs/remotes/origin/main'
2024-10-16 17:14:28.215 [info] > git rev-parse refs/remotes/origin/main [1ms]
2024-10-16 17:14:28.224 [info] > git status -z -uall [5ms]
2024-10-16 17:14:28.224 [info] > git for-each-ref --sort -committerdate --format %(refname) %(objectname) %(*objectname) [1ms]
2024-10-16 17:14:28.231 [info] > git merge-base refs/heads/main refs/remotes/origin/main [1ms]
2024-10-16 17:14:28.238 [info] > git diff --name-status -z --diff-filter=ADMR 044995dc46ecc3afae21f96f2d22f45077c0d8c6...refs/remotes/origin/main [2ms]
2024-10-16 17:14:28.302 [info] > git ls-files --stage -- /home/quiet/Workspace/Personal/notquitethereyet.github.io/src/pages/index.astro [0ms]
2024-10-16 17:14:28.308 [info] > git cat-file -s 4cf0305ca3128465732bf43128d51ff22f4741d2 [1ms]
2024-10-16 17:14:28.315 [info] > git show --textconv :src/pages/index.astro [1ms]
2024-10-16 17:14:32.828 [info] > git ls-files --stage -- /home/quiet/Workspace/Personal/notquitethereyet.github.io/src/pages/index.astro [1ms]
2024-10-16 17:14:32.834 [info] > git cat-file -s 4cf0305ca3128465732bf43128d51ff22f4741d2 [1ms]
2024-10-16 17:14:32.841 [info] > git show --textconv :src/pages/index.astro [2ms]
2024-10-16 17:14:33.238 [info] > git config --get commit.template [0ms]
2024-10-16 17:14:33.244 [info] > git for-each-ref --format=%(refname)%00%(upstream:short)%00%(objectname)%00%(upstream:track)%00%(upstream:remotename)%00%(upstream:remoteref) refs/heads/main refs/remotes/main [1ms]
2024-10-16 17:14:33.253 [info] > git status -z -uall [5ms]
2024-10-16 17:14:33.253 [info] > git for-each-ref --sort -committerdate --format %(refname) %(objectname) %(*objectname) [0ms]
2024-10-16 17:14:33.260 [info] > git merge-base refs/heads/main refs/remotes/origin/main [1ms]
2024-10-16 17:14:33.265 [info] > git diff --name-status -z --diff-filter=ADMR 67f188316b04de259cb3eeaf71cd2223a2ccc29b...refs/remotes/origin/main [1ms]
2024-10-16 17:15:50.608 [info] > git config --get commit.template [7ms]
2024-10-16 17:15:50.609 [info] > git for-each-ref --format=%(refname)%00%(upstream:short)%00%(objectname)%00%(upstream:track)%00%(upstream:remotename)%00%(upstream:remoteref) refs/heads/main refs/remotes/main [2ms]
2024-10-16 17:15:50.624 [info] > git status -z -uall [8ms]
2024-10-16 17:15:50.624 [info] > git for-each-ref --sort -committerdate --format %(refname) %(objectname) %(*objectname) [1ms]
2024-10-16 17:15:55.642 [info] > git config --get commit.template [5ms]
2024-10-16 17:15:55.643 [info] > git for-each-ref --format=%(refname)%00%(upstream:short)%00%(objectname)%00%(upstream:track)%00%(upstream:remotename)%00%(upstream:remoteref) refs/heads/main refs/remotes/main [1ms]
2024-10-16 17:15:55.654 [info] > git status -z -uall [6ms]
2024-10-16 17:15:55.654 [info] > git for-each-ref --sort -committerdate --format %(refname) %(objectname) %(*objectname) [1ms]
2024-10-16 17:21:33.827 [info] > git config --get commit.template [6ms]
2024-10-16 17:21:33.828 [info] > git for-each-ref --format=%(refname)%00%(upstream:short)%00%(objectname)%00%(upstream:track)%00%(upstream:remotename)%00%(upstream:remoteref) refs/heads/main refs/remotes/main [2ms]
2024-10-16 17:21:33.838 [info] > git status -z -uall [5ms]
2024-10-16 17:21:33.838 [info] > git for-each-ref --sort -committerdate --format %(refname) %(objectname) %(*objectname) [0ms]
2024-10-16 17:21:44.380 [info] > git config --get commit.template [7ms]
2024-10-16 17:21:44.381 [info] > git for-each-ref --format=%(refname)%00%(upstream:short)%00%(objectname)%00%(upstream:track)%00%(upstream:remotename)%00%(upstream:remoteref) refs/heads/main refs/remotes/main [1ms]
2024-10-16 17:21:44.399 [info] > git status -z -uall [10ms]
2024-10-16 17:21:44.400 [info] > git for-each-ref --sort -committerdate --format %(refname) %(objectname) %(*objectname) [2ms]
2024-10-16 17:21:49.419 [info] > git config --get commit.template [6ms]
2024-10-16 17:21:49.420 [info] > git for-each-ref --format=%(refname)%00%(upstream:short)%00%(objectname)%00%(upstream:track)%00%(upstream:remotename)%00%(upstream:remoteref) refs/heads/main refs/remotes/main [2ms]
2024-10-16 17:21:49.429 [info] > git status -z -uall [5ms]
2024-10-16 17:21:49.429 [info] > git for-each-ref --sort -committerdate --format %(refname) %(objectname) %(*objectname) [1ms]
2024-10-16 17:21:55.856 [info] > git config --get commit.template [8ms]
2024-10-16 17:21:55.857 [info] > git for-each-ref --format=%(refname)%00%(upstream:short)%00%(objectname)%00%(upstream:track)%00%(upstream:remotename)%00%(upstream:remoteref) refs/heads/main refs/remotes/main [2ms]
2024-10-16 17:21:55.870 [info] > git status -z -uall [8ms]
2024-10-16 17:21:55.870 [info] > git for-each-ref --sort -committerdate --format %(refname) %(objectname) %(*objectname) [1ms]
2024-10-16 17:22:00.887 [info] > git config --get commit.template [5ms]
2024-10-16 17:22:00.887 [info] > git for-each-ref --format=%(refname)%00%(upstream:short)%00%(objectname)%00%(upstream:track)%00%(upstream:remotename)%00%(upstream:remoteref) refs/heads/main refs/remotes/main [1ms]
2024-10-16 17:22:00.902 [info] > git status -z -uall [7ms]
2024-10-16 17:22:00.903 [info] > git for-each-ref --sort -committerdate --format %(refname) %(objectname) %(*objectname) [2ms]
2024-10-16 17:22:05.915 [info] > git config --get commit.template [5ms]
2024-10-16 17:22:05.916 [info] > git for-each-ref --format=%(refname)%00%(upstream:short)%00%(objectname)%00%(upstream:track)%00%(upstream:remotename)%00%(upstream:remoteref) refs/heads/main refs/remotes/main [1ms]
2024-10-16 17:22:05.926 [info] > git status -z -uall [5ms]
2024-10-16 17:22:05.927 [info] > git for-each-ref --sort -committerdate --format %(refname) %(objectname) %(*objectname) [2ms]
2024-10-16 17:22:45.924 [info] > git show --textconv :src/components/Webring.astro [5ms]
2024-10-16 17:22:45.925 [info] > git ls-files --stage -- /home/quiet/Workspace/Personal/notquitethereyet.github.io/src/components/Webring.astro [1ms]
2024-10-16 17:22:45.930 [info] > git cat-file -s ea7a9218c7728ff07e5c9a5ea5bea9000e193130 [1ms]
2024-10-16 17:22:50.743 [info] > git config --get commit.template [5ms]
2024-10-16 17:22:50.744 [info] > git for-each-ref --format=%(refname)%00%(upstream:short)%00%(objectname)%00%(upstream:track)%00%(upstream:remotename)%00%(upstream:remoteref) refs/heads/main refs/remotes/main [1ms]
2024-10-16 17:22:50.755 [info] > git status -z -uall [6ms]
2024-10-16 17:22:50.755 [info] > git for-each-ref --sort -committerdate --format %(refname) %(objectname) %(*objectname) [1ms]
2024-10-16 17:23:13.228 [info] > git show --textconv :src/pages/index.astro [5ms]
2024-10-16 17:23:13.228 [info] > git ls-files --stage -- /home/quiet/Workspace/Personal/notquitethereyet.github.io/src/pages/index.astro [0ms]
2024-10-16 17:23:13.236 [info] > git cat-file -s 4cf0305ca3128465732bf43128d51ff22f4741d2 [2ms]
2024-10-16 17:23:43.156 [info] > git config --get commit.template [5ms]
2024-10-16 17:23:43.156 [info] > git for-each-ref --format=%(refname)%00%(upstream:short)%00%(objectname)%00%(upstream:track)%00%(upstream:remotename)%00%(upstream:remoteref) refs/heads/main refs/remotes/main [1ms]
2024-10-16 17:23:43.165 [info] > git status -z -uall [5ms]
2024-10-16 17:23:43.166 [info] > git for-each-ref --sort -committerdate --format %(refname) %(objectname) %(*objectname) [1ms]
2024-10-16 17:23:50.120 [info] > git config --get commit.template [7ms]
2024-10-16 17:23:50.121 [info] > git for-each-ref --format=%(refname)%00%(upstream:short)%00%(objectname)%00%(upstream:track)%00%(upstream:remotename)%00%(upstream:remoteref) refs/heads/main refs/remotes/main [2ms]
2024-10-16 17:23:50.134 [info] > git status -z -uall [7ms]
2024-10-16 17:23:50.135 [info] > git for-each-ref --sort -committerdate --format %(refname) %(objectname) %(*objectname) [2ms]
2024-10-16 17:23:55.152 [info] > git config --get commit.template [6ms]
2024-10-16 17:23:55.152 [info] > git for-each-ref --format=%(refname)%00%(upstream:short)%00%(objectname)%00%(upstream:track)%00%(upstream:remotename)%00%(upstream:remoteref) refs/heads/main refs/remotes/main [1ms]
2024-10-16 17:23:55.164 [info] > git status -z -uall [6ms]
2024-10-16 17:23:55.164 [info] > git for-each-ref --sort -committerdate --format %(refname) %(objectname) %(*objectname) [1ms]
2024-10-16 17:24:10.327 [info] > git config --get commit.template [7ms]
2024-10-16 17:24:10.328 [info] > git for-each-ref --format=%(refname)%00%(upstream:short)%00%(objectname)%00%(upstream:track)%00%(upstream:remotename)%00%(upstream:remoteref) refs/heads/main refs/remotes/main [2ms]
2024-10-16 17:24:10.338 [info] > git status -z -uall [5ms]
2024-10-16 17:24:10.339 [info] > git for-each-ref --sort -committerdate --format %(refname) %(objectname) %(*objectname) [1ms]
2024-10-16 17:24:15.353 [info] > git config --get commit.template [5ms]
2024-10-16 17:24:15.354 [info] > git for-each-ref --format=%(refname)%00%(upstream:short)%00%(objectname)%00%(upstream:track)%00%(upstream:remotename)%00%(upstream:remoteref) refs/heads/main refs/remotes/main [1ms]
2024-10-16 17:24:15.363 [info] > git status -z -uall [5ms]
2024-10-16 17:24:15.364 [info] > git for-each-ref --sort -committerdate --format %(refname) %(objectname) %(*objectname) [1ms]
2024-10-16 17:24:30.342 [info] > git config --get commit.template [2ms]
2024-10-16 17:24:30.349 [info] > git for-each-ref --format=%(refname)%00%(upstream:short)%00%(objectname)%00%(upstream:track)%00%(upstream:remotename)%00%(upstream:remoteref) refs/heads/main refs/remotes/main [1ms]
2024-10-16 17:24:30.359 [info] > git status -z -uall [5ms]
2024-10-16 17:24:30.360 [info] > git for-each-ref --sort -committerdate --format %(refname) %(objectname) %(*objectname) [1ms]
2024-10-16 17:24:35.374 [info] > git config --get commit.template [5ms]
2024-10-16 17:24:35.375 [info] > git for-each-ref --format=%(refname)%00%(upstream:short)%00%(objectname)%00%(upstream:track)%00%(upstream:remotename)%00%(upstream:remoteref) refs/heads/main refs/remotes/main [2ms]
2024-10-16 17:24:35.386 [info] > git status -z -uall [6ms]
2024-10-16 17:24:35.386 [info] > git for-each-ref --sort -committerdate --format %(refname) %(objectname) %(*objectname) [2ms]
2024-10-16 17:24:49.702 [info] > git config --get commit.template [9ms]
2024-10-16 17:24:49.703 [info] > git for-each-ref --format=%(refname)%00%(upstream:short)%00%(objectname)%00%(upstream:track)%00%(upstream:remotename)%00%(upstream:remoteref) refs/heads/main refs/remotes/main [2ms]
2024-10-16 17:24:49.715 [info] > git status -z -uall [6ms]
2024-10-16 17:24:49.716 [info] > git for-each-ref --sort -committerdate --format %(refname) %(objectname) %(*objectname) [1ms]
2024-10-16 17:24:54.733 [info] > git config --get commit.template [6ms]
2024-10-16 17:24:54.734 [info] > git for-each-ref --format=%(refname)%00%(upstream:short)%00%(objectname)%00%(upstream:track)%00%(upstream:remotename)%00%(upstream:remoteref) refs/heads/main refs/remotes/main [2ms]
2024-10-16 17:24:54.744 [info] > git status -z -uall [6ms]
2024-10-16 17:24:54.745 [info] > git for-each-ref --sort -committerdate --format %(refname) %(objectname) %(*objectname) [2ms]
2024-10-16 17:26:58.398 [info] > git config --get commit.template [7ms]
2024-10-16 17:26:58.399 [info] > git for-each-ref --format=%(refname)%00%(upstream:short)%00%(objectname)%00%(upstream:track)%00%(upstream:remotename)%00%(upstream:remoteref) refs/heads/main refs/remotes/main [2ms]
2024-10-16 17:26:58.411 [info] > git status -z -uall [6ms]
2024-10-16 17:26:58.412 [info] > git for-each-ref --sort -committerdate --format %(refname) %(objectname) %(*objectname) [1ms]
2024-10-16 17:27:03.421 [info] > git config --get commit.template [0ms]
2024-10-16 17:27:03.427 [info] > git for-each-ref --format=%(refname)%00%(upstream:short)%00%(objectname)%00%(upstream:track)%00%(upstream:remotename)%00%(upstream:remoteref) refs/heads/main refs/remotes/main [1ms]
2024-10-16 17:27:03.438 [info] > git status -z -uall [5ms]
2024-10-16 17:27:03.438 [info] > git for-each-ref --sort -committerdate --format %(refname) %(objectname) %(*objectname) [1ms]
2024-10-16 17:27:08.452 [info] > git config --get commit.template [6ms]
2024-10-16 17:27:08.453 [info] > git for-each-ref --format=%(refname)%00%(upstream:short)%00%(objectname)%00%(upstream:track)%00%(upstream:remotename)%00%(upstream:remoteref) refs/heads/main refs/remotes/main [1ms]
2024-10-16 17:27:08.463 [info] > git status -z -uall [5ms]
2024-10-16 17:27:08.463 [info] > git for-each-ref --sort -committerdate --format %(refname) %(objectname) %(*objectname) [0ms]
2024-10-16 17:27:14.167 [info] > git config --get commit.template [6ms]
2024-10-16 17:27:14.167 [info] > git for-each-ref --format=%(refname)%00%(upstream:short)%00%(objectname)%00%(upstream:track)%00%(upstream:remotename)%00%(upstream:remoteref) refs/heads/main refs/remotes/main [1ms]
2024-10-16 17:27:14.178 [info] > git status -z -uall [6ms]
2024-10-16 17:27:14.178 [info] > git for-each-ref --sort -committerdate --format %(refname) %(objectname) %(*objectname) [1ms]
2024-10-16 17:27:19.195 [info] > git config --get commit.template [6ms]
2024-10-16 17:27:19.195 [info] > git for-each-ref --format=%(refname)%00%(upstream:short)%00%(objectname)%00%(upstream:track)%00%(upstream:remotename)%00%(upstream:remoteref) refs/heads/main refs/remotes/main [1ms]
2024-10-16 17:27:19.208 [info] > git status -z -uall [6ms]
2024-10-16 17:27:19.209 [info] > git for-each-ref --sort -committerdate --format %(refname) %(objectname) %(*objectname) [1ms]
2024-10-16 17:27:24.226 [info] > git config --get commit.template [6ms]
2024-10-16 17:27:24.227 [info] > git for-each-ref --format=%(refname)%00%(upstream:short)%00%(objectname)%00%(upstream:track)%00%(upstream:remotename)%00%(upstream:remoteref) refs/heads/main refs/remotes/main [1ms]
2024-10-16 17:27:24.239 [info] > git status -z -uall [5ms]
2024-10-16 17:27:24.239 [info] > git for-each-ref --sort -committerdate --format %(refname) %(objectname) %(*objectname) [1ms]
2024-10-16 17:27:38.893 [info] > git config --get commit.template [1ms]
2024-10-16 17:27:38.899 [info] > git for-each-ref --format=%(refname)%00%(upstream:short)%00%(objectname)%00%(upstream:track)%00%(upstream:remotename)%00%(upstream:remoteref) refs/heads/main refs/remotes/main [1ms]
2024-10-16 17:27:38.910 [info] > git status -z -uall [6ms]
2024-10-16 17:27:38.911 [info] > git for-each-ref --sort -committerdate --format %(refname) %(objectname) %(*objectname) [2ms]
2024-10-16 17:27:57.404 [info] > git config --get commit.template [8ms]
2024-10-16 17:27:57.404 [info] > git for-each-ref --format=%(refname)%00%(upstream:short)%00%(objectname)%00%(upstream:track)%00%(upstream:remotename)%00%(upstream:remoteref) refs/heads/main refs/remotes/main [1ms]
2024-10-16 17:27:57.416 [info] > git status -z -uall [7ms]
2024-10-16 17:27:57.417 [info] > git for-each-ref --sort -committerdate --format %(refname) %(objectname) %(*objectname) [1ms]
2024-10-16 17:28:02.433 [info] > git config --get commit.template [7ms]
2024-10-16 17:28:02.433 [info] > git for-each-ref --format=%(refname)%00%(upstream:short)%00%(objectname)%00%(upstream:track)%00%(upstream:remotename)%00%(upstream:remoteref) refs/heads/main refs/remotes/main [0ms]
2024-10-16 17:28:02.446 [info] > git status -z -uall [6ms]
2024-10-16 17:28:02.447 [info] > git for-each-ref --sort -committerdate --format %(refname) %(objectname) %(*objectname) [2ms]
2024-10-16 17:28:07.462 [info] > git config --get commit.template [6ms]
2024-10-16 17:28:07.462 [info] > git for-each-ref --format=%(refname)%00%(upstream:short)%00%(objectname)%00%(upstream:track)%00%(upstream:remotename)%00%(upstream:remoteref) refs/heads/main refs/remotes/main [1ms]
2024-10-16 17:28:07.472 [info] > git status -z -uall [4ms]
2024-10-16 17:28:07.472 [info] > git for-each-ref --sort -committerdate --format %(refname) %(objectname) %(*objectname) [1ms]
2024-10-16 17:28:55.193 [info] > git config --get commit.template [1ms]
2024-10-16 17:28:55.198 [info] > git for-each-ref --format=%(refname)%00%(upstream:short)%00%(objectname)%00%(upstream:track)%00%(upstream:remotename)%00%(upstream:remoteref) refs/heads/main refs/remotes/main [1ms]
2024-10-16 17:28:55.211 [info] > git status -z -uall [7ms]
2024-10-16 17:28:55.212 [info] > git for-each-ref --sort -committerdate --format %(refname) %(objectname) %(*objectname) [2ms]
2024-10-16 17:29:04.397 [info] > git config --get commit.template [5ms]
2024-10-16 17:29:04.398 [info] > git for-each-ref --format=%(refname)%00%(upstream:short)%00%(objectname)%00%(upstream:track)%00%(upstream:remotename)%00%(upstream:remoteref) refs/heads/main refs/remotes/main [2ms]
2024-10-16 17:29:04.410 [info] > git status -z -uall [6ms]
2024-10-16 17:29:04.411 [info] > git for-each-ref --sort -committerdate --format %(refname) %(objectname) %(*objectname) [2ms]
2024-10-16 17:29:14.185 [info] > git config --get commit.template [1ms]
2024-10-16 17:29:14.191 [info] > git for-each-ref --format=%(refname)%00%(upstream:short)%00%(objectname)%00%(upstream:track)%00%(upstream:remotename)%00%(upstream:remoteref) refs/heads/main refs/remotes/main [2ms]
2024-10-16 17:29:14.201 [info] > git status -z -uall [5ms]
2024-10-16 17:29:14.202 [info] > git for-each-ref --sort -committerdate --format %(refname) %(objectname) %(*objectname) [2ms]
2024-10-16 17:29:19.216 [info] > git config --get commit.template [6ms]
2024-10-16 17:29:19.216 [info] > git for-each-ref --format=%(refname)%00%(upstream:short)%00%(objectname)%00%(upstream:track)%00%(upstream:remotename)%00%(upstream:remoteref) refs/heads/main refs/remotes/main [1ms]
2024-10-16 17:29:19.227 [info] > git status -z -uall [5ms]
2024-10-16 17:29:19.228 [info] > git for-each-ref --sort -committerdate --format %(refname) %(objectname) %(*objectname) [2ms]
2024-10-16 17:29:24.242 [info] > git config --get commit.template [5ms]
2024-10-16 17:29:24.243 [info] > git for-each-ref --format=%(refname)%00%(upstream:short)%00%(objectname)%00%(upstream:track)%00%(upstream:remotename)%00%(upstream:remoteref) refs/heads/main refs/remotes/main [1ms]
2024-10-16 17:29:24.253 [info] > git status -z -uall [5ms]
2024-10-16 17:29:24.254 [info] > git for-each-ref --sort -committerdate --format %(refname) %(objectname) %(*objectname) [2ms]
2024-10-16 17:29:36.754 [info] > git config --get commit.template [5ms]
2024-10-16 17:29:36.755 [info] > git for-each-ref --format=%(refname)%00%(upstream:short)%00%(objectname)%00%(upstream:track)%00%(upstream:remotename)%00%(upstream:remoteref) refs/heads/main refs/remotes/main [1ms]
2024-10-16 17:29:36.766 [info] > git status -z -uall [5ms]
2024-10-16 17:29:36.767 [info] > git for-each-ref --sort -committerdate --format %(refname) %(objectname) %(*objectname) [1ms]
2024-10-16 17:29:45.311 [info] > git config --get commit.template [8ms]
2024-10-16 17:29:45.312 [info] > git for-each-ref --format=%(refname)%00%(upstream:short)%00%(objectname)%00%(upstream:track)%00%(upstream:remotename)%00%(upstream:remoteref) refs/heads/main refs/remotes/main [2ms]
2024-10-16 17:29:45.331 [info] > git status -z -uall [9ms]
2024-10-16 17:29:45.332 [info] > git for-each-ref --sort -committerdate --format %(refname) %(objectname) %(*objectname) [2ms]
2024-10-16 17:29:49.542 [info] > git ls-files --stage -- /home/quiet/Workspace/Personal/notquitethereyet.github.io/src/pages/index.astro [1ms]
2024-10-16 17:29:49.548 [info] > git cat-file -s 560d5558d544179ce2943a5bf733a91ba4d90c1b [1ms]
2024-10-16 17:29:49.558 [info] > git show --textconv :src/pages/index.astro [2ms]
2024-10-16 17:29:50.345 [info] > git config --get commit.template [6ms]
2024-10-16 17:29:50.346 [info] > git for-each-ref --format=%(refname)%00%(upstream:short)%00%(objectname)%00%(upstream:track)%00%(upstream:remotename)%00%(upstream:remoteref) refs/heads/main refs/remotes/main [1ms]
2024-10-16 17:29:50.357 [info] > git status -z -uall [5ms]
2024-10-16 17:29:50.358 [info] > git for-each-ref --sort -committerdate --format %(refname) %(objectname) %(*objectname) [1ms]
2024-10-16 17:29:58.867 [info] > git config --get commit.template [7ms]
2024-10-16 17:29:58.867 [info] > git for-each-ref --format=%(refname)%00%(upstream:short)%00%(objectname)%00%(upstream:track)%00%(upstream:remotename)%00%(upstream:remoteref) refs/heads/main refs/remotes/main [1ms]
2024-10-16 17:29:58.879 [info] > git status -z -uall [5ms]
2024-10-16 17:29:58.880 [info] > git for-each-ref --sort -committerdate --format %(refname) %(objectname) %(*objectname) [1ms]
2024-10-16 17:29:58.886 [info] > git merge-base refs/heads/main refs/remotes/origin/main [1ms]
2024-10-16 17:29:58.893 [info] > git diff --name-status -z --diff-filter=ADMR 67f188316b04de259cb3eeaf71cd2223a2ccc29b...refs/remotes/origin/main [1ms]
2024-10-16 17:29:58.964 [info] > git ls-files --stage -- /home/quiet/Workspace/Personal/notquitethereyet.github.io/src/pages/index.astro [1ms]
2024-10-16 17:29:58.969 [info] > git cat-file -s 560d5558d544179ce2943a5bf733a91ba4d90c1b [1ms]
2024-10-16 17:29:58.976 [info] > git show --textconv :src/pages/index.astro [2ms]
2024-10-16 17:30:02.105 [info] > git ls-files --stage -- /home/quiet/Workspace/Personal/notquitethereyet.github.io/src/pages/index.astro [2ms]
2024-10-16 17:30:02.112 [info] > git cat-file -s 560d5558d544179ce2943a5bf733a91ba4d90c1b [1ms]
2024-10-16 17:30:02.120 [info] > git show --textconv :src/pages/index.astro [1ms]
2024-10-16 17:30:30.820 [info] > git config --get commit.template [6ms]
2024-10-16 17:30:30.821 [info] > git for-each-ref --format=%(refname)%00%(upstream:short)%00%(objectname)%00%(upstream:track)%00%(upstream:remotename)%00%(upstream:remoteref) refs/heads/main refs/remotes/main [1ms]
2024-10-16 17:30:30.836 [info] > git status -z -uall [7ms]
2024-10-16 17:30:30.836 [info] > git for-each-ref --sort -committerdate --format %(refname) %(objectname) %(*objectname) [1ms]
2024-10-16 17:30:30.845 [info] > git merge-base refs/heads/main refs/remotes/origin/main [1ms]
2024-10-16 17:30:30.852 [info] > git diff --name-status -z --diff-filter=ADMR 4f3e6de92865ae0ba122748f7fbf7c5aa9fdab90...refs/remotes/origin/main [1ms]
2024-10-16 17:32:43.824 [info] > git show --textconv :src/scss/base.scss [5ms]
2024-10-16 17:32:43.825 [info] > git ls-files --stage -- /home/quiet/Workspace/Personal/notquitethereyet.github.io/src/scss/base.scss [1ms]
2024-10-16 17:32:43.830 [info] > git cat-file -s 07af03777b8339a139d9d81305b490cbe144bd04 [1ms]
2024-10-16 17:33:03.152 [info] > git config --get commit.template [8ms]
2024-10-16 17:33:03.152 [info] > git for-each-ref --format=%(refname)%00%(upstream:short)%00%(objectname)%00%(upstream:track)%00%(upstream:remotename)%00%(upstream:remoteref) refs/heads/main refs/remotes/main [1ms]
2024-10-16 17:33:03.169 [info] > git status -z -uall [9ms]
2024-10-16 17:33:03.170 [info] > git for-each-ref --sort -committerdate --format %(refname) %(objectname) %(*objectname) [2ms]
2024-10-16 17:33:10.127 [info] > git config --get commit.template [7ms]
2024-10-16 17:33:10.129 [info] > git for-each-ref --format=%(refname)%00%(upstream:short)%00%(objectname)%00%(upstream:track)%00%(upstream:remotename)%00%(upstream:remoteref) refs/heads/main refs/remotes/main [2ms]
2024-10-16 17:33:10.144 [info] > git status -z -uall [6ms]
2024-10-16 17:33:10.145 [info] > git for-each-ref --sort -committerdate --format %(refname) %(objectname) %(*objectname) [1ms]
2024-10-16 17:33:29.160 [info] > git config --get commit.template [1ms]
2024-10-16 17:33:29.168 [info] > git for-each-ref --format=%(refname)%00%(upstream:short)%00%(objectname)%00%(upstream:track)%00%(upstream:remotename)%00%(upstream:remoteref) refs/heads/main refs/remotes/main [2ms]
2024-10-16 17:33:29.180 [info] > git status -z -uall [6ms]
2024-10-16 17:33:29.181 [info] > git for-each-ref --sort -committerdate --format %(refname) %(objectname) %(*objectname) [1ms]
2024-10-16 17:33:58.873 [info] > git config --get commit.template [6ms]
2024-10-16 17:33:58.874 [info] > git for-each-ref --format=%(refname)%00%(upstream:short)%00%(objectname)%00%(upstream:track)%00%(upstream:remotename)%00%(upstream:remoteref) refs/heads/main refs/remotes/main [2ms]
2024-10-16 17:33:58.887 [info] > git status -z -uall [6ms]
2024-10-16 17:33:58.888 [info] > git for-each-ref --sort -committerdate --format %(refname) %(objectname) %(*objectname) [1ms]
2024-10-16 17:33:58.972 [info] > git ls-files --stage -- /home/quiet/Workspace/Personal/notquitethereyet.github.io/src/scss/base.scss [1ms]
2024-10-16 17:33:58.978 [info] > git cat-file -s d375f309f60cf179a2bf1abd9089d26a5a665c4f [1ms]
2024-10-16 17:33:58.990 [info] > git show --textconv :src/scss/base.scss [3ms]
2024-10-16 17:34:13.193 [info] > git config --get commit.template [5ms]
2024-10-16 17:34:13.193 [info] > git for-each-ref --format=%(refname)%00%(upstream:short)%00%(objectname)%00%(upstream:track)%00%(upstream:remotename)%00%(upstream:remoteref) refs/heads/main refs/remotes/main [1ms]
2024-10-16 17:34:13.204 [info] > git status -z -uall [6ms]
2024-10-16 17:34:13.205 [info] > git for-each-ref --sort -committerdate --format %(refname) %(objectname) %(*objectname) [2ms]
2024-10-16 17:34:13.212 [info] > git merge-base refs/heads/main refs/remotes/origin/main [1ms]
2024-10-16 17:34:13.218 [info] > git diff --name-status -z --diff-filter=ADMR 4f3e6de92865ae0ba122748f7fbf7c5aa9fdab90...refs/remotes/origin/main [1ms]
2024-10-16 17:34:13.288 [info] > git ls-files --stage -- /home/quiet/Workspace/Personal/notquitethereyet.github.io/src/scss/base.scss [1ms]
2024-10-16 17:34:13.294 [info] > git cat-file -s d375f309f60cf179a2bf1abd9089d26a5a665c4f [1ms]
2024-10-16 17:34:13.303 [info] > git show --textconv :src/scss/base.scss [2ms]
2024-10-16 17:34:16.365 [info] > git ls-files --stage -- /home/quiet/Workspace/Personal/notquitethereyet.github.io/src/scss/base.scss [1ms]
2024-10-16 17:34:16.371 [info] > git cat-file -s d375f309f60cf179a2bf1abd9089d26a5a665c4f [1ms]
2024-10-16 17:34:16.380 [info] > git show --textconv :src/scss/base.scss [3ms]
2024-10-16 17:34:18.219 [info] > git config --get commit.template [0ms]
2024-10-16 17:34:18.226 [info] > git for-each-ref --format=%(refname)%00%(upstream:short)%00%(objectname)%00%(upstream:track)%00%(upstream:remotename)%00%(upstream:remoteref) refs/heads/main refs/remotes/main [2ms]
2024-10-16 17:34:18.236 [info] > git status -z -uall [5ms]
2024-10-16 17:34:18.237 [info] > git for-each-ref --sort -committerdate --format %(refname) %(objectname) %(*objectname) [1ms]
2024-10-16 17:34:18.244 [info] > git merge-base refs/heads/main refs/remotes/origin/main [1ms]
2024-10-16 17:34:18.249 [info] > git diff --name-status -z --diff-filter=ADMR 2f405d144b5b84fd92fab49a4f36440dda59ca5f...refs/remotes/origin/main [1ms]
